{"numFailedTestSuites":10,"numFailedTests":78,"numPassedTestSuites":69,"numPassedTests":680,"numPendingTestSuites":0,"numPendingTests":0,"numRuntimeErrorTestSuites":0,"numTodoTests":0,"numTotalTestSuites":79,"numTotalTests":758,"openHandles":[],"snapshot":{"added":0,"didUpdate":false,"failure":false,"filesAdded":0,"filesRemoved":0,"filesRemovedList":[],"filesUnmatched":0,"filesUpdated":0,"matched":0,"total":0,"unchecked":0,"uncheckedKeysByFile":[],"unmatched":0,"updated":0},"startTime":1758111939012,"success":false,"testResults":[{"assertionResults":[{"ancestorTitles":["PlansPage"],"duration":294,"failing":false,"failureDetails":[],"failureMessages":[],"fullName":"PlansPage should display skeletons while loading","invocations":1,"location":null,"numPassingAsserts":2,"retryReasons":[],"startAt":1758111948726,"status":"passed","title":"should display skeletons while loading"},{"ancestorTitles":["PlansPage"],"duration":252,"failing":false,"failureDetails":[],"failureMessages":[],"fullName":"PlansPage should render upcoming items in card view by default","invocations":1,"location":null,"numPassingAsserts":3,"retryReasons":[],"startAt":1758111949023,"status":"passed","title":"should render upcoming items in card view by default"},{"ancestorTitles":["PlansPage"],"duration":246,"failing":false,"failureDetails":[],"failureMessages":[],"fullName":"PlansPage should render upcoming items in list view when selected","invocations":1,"location":null,"numPassingAsserts":2,"retryReasons":[],"startAt":1758111949275,"status":"passed","title":"should render upcoming items in list view when selected"},{"ancestorTitles":["PlansPage"],"duration":633,"failing":false,"failureDetails":[],"failureMessages":[],"fullName":"PlansPage should switch view modes when toggle is clicked","invocations":1,"location":null,"numPassingAsserts":1,"retryReasons":[],"startAt":1758111949522,"status":"passed","title":"should switch view modes when toggle is clicked"},{"ancestorTitles":["PlansPage"],"duration":601,"failing":false,"failureDetails":[],"failureMessages":[],"fullName":"PlansPage should show and interact with overdue tasks","invocations":1,"location":null,"numPassingAsserts":2,"retryReasons":[],"startAt":1758111950156,"status":"passed","title":"should show and interact with overdue tasks"},{"ancestorTitles":["PlansPage"],"duration":1510,"failing":false,"failureDetails":[],"failureMessages":[],"fullName":"PlansPage should handle editing an overdue task","invocations":1,"location":null,"numPassingAsserts":2,"retryReasons":[],"startAt":1758111950758,"status":"passed","title":"should handle editing an overdue task"},{"ancestorTitles":["PlansPage"],"duration":47,"failing":false,"failureDetails":[],"failureMessages":[],"fullName":"PlansPage should not render the overdue section if there are no overdue tasks","invocations":1,"location":null,"numPassingAsserts":1,"retryReasons":[],"startAt":1758111952268,"status":"passed","title":"should not render the overdue section if there are no overdue tasks"},{"ancestorTitles":["PlansPage"],"duration":98,"failing":false,"failureDetails":[],"failureMessages":[],"fullName":"PlansPage should handle completing a routine","invocations":1,"location":null,"numPassingAsserts":1,"retryReasons":[],"startAt":1758111952315,"status":"passed","title":"should handle completing a routine"},{"ancestorTitles":["PlansPage"],"duration":482,"failing":false,"failureDetails":[],"failureMessages":[],"fullName":"PlansPage should handle editing a routine","invocations":1,"location":null,"numPassingAsserts":2,"retryReasons":[],"startAt":1758111952413,"status":"passed","title":"should handle editing a routine"},{"ancestorTitles":["PlansPage"],"duration":552,"failing":false,"failureDetails":[{"name":"TestingLibraryElementError"}],"failureMessages":["TestingLibraryElementError: Unable to find an element with the text: /This will permanently delete the routine \"Upcoming Routine\"./. This could be because the text is broken up by multiple elements. In this case, you can provide a function for your text matcher to make your matcher more flexible.\n\nIgnored nodes: comments, script, style\n\u001b[36m<div\u001b[39m\n  \u001b[33maria-labelledby\u001b[39m=\u001b[32m\"radix-:rbm:\"\u001b[39m\n  \u001b[33mclass\u001b[39m=\u001b[32m\"fixed left-[50%] top-[50%] z-50 grid w-full max-w-lg translate-x-[-50%] translate-y-[-50%] gap-4 border bg-background p-6 shadow-lg duration-200 data-[state=open]:animate-in data-[state=closed]:animate-out data-[state=closed]:fade-out-0 data-[state=open]:fade-in-0 data-[state=closed]:zoom-out-95 data-[state=open]:zoom-in-95 data-[state=closed]:slide-out-to-left-1/2 data-[state=closed]:slide-out-to-top-[48%] data-[state=open]:slide-in-from-left-1/2 data-[state=open]:slide-in-from-top-[48%] sm:rounded-lg\"\u001b[39m\n  \u001b[33mdata-state\u001b[39m=\u001b[32m\"open\"\u001b[39m\n  \u001b[33mid\u001b[39m=\u001b[32m\"radix-:rbl:\"\u001b[39m\n  \u001b[33mrole\u001b[39m=\u001b[32m\"alertdialog\"\u001b[39m\n  \u001b[33mstyle\u001b[39m=\u001b[32m\"pointer-events: auto;\"\u001b[39m\n  \u001b[33mtabindex\u001b[39m=\u001b[32m\"-1\"\u001b[39m\n\u001b[36m>\u001b[39m\n  \u001b[36m<div\u001b[39m\n    \u001b[33mclass\u001b[39m=\u001b[32m\"flex flex-col space-y-2 text-center sm:text-left\"\u001b[39m\n  \u001b[36m>\u001b[39m\n    \u001b[36m<h2\u001b[39m\n      \u001b[33mclass\u001b[39m=\u001b[32m\"text-lg font-semibold\"\u001b[39m\n      \u001b[33mid\u001b[39m=\u001b[32m\"radix-:rbm:\"\u001b[39m\n    \u001b[36m>\u001b[39m\n      \u001b[0mAre you sure?\u001b[0m\n    \u001b[36m</h2>\u001b[39m\n    \u001b[36m<p\u001b[39m\n      \u001b[33mclass\u001b[39m=\u001b[32m\"text-sm text-muted-foreground\"\u001b[39m\n      \u001b[33mid\u001b[39m=\u001b[32m\"radix-:rbn:\"\u001b[39m\n    \u001b[36m>\u001b[39m\n      \u001b[0mThis will permanently delete the routine “\u001b[0m\n      \u001b[0mUpcoming Routine\u001b[0m\n      \u001b[0m”. This action cannot be undone.\u001b[0m\n    \u001b[36m</p>\u001b[39m\n  \u001b[36m</div>\u001b[39m\n  \u001b[36m<div\u001b[39m\n    \u001b[33mclass\u001b[39m=\u001b[32m\"flex flex-col-reverse sm:flex-row sm:justify-end sm:space-x-2\"\u001b[39m\n  \u001b[36m>\u001b[39m\n    \u001b[36m<button\u001b[39m\n      \u001b[33mclass\u001b[39m=\u001b[32m\"inline-flex items-center justify-center gap-2 whitespace-nowrap rounded-md text-sm font-medium ring-offset-background transition-all focus-visible:outline-none focus-visible:ring-2 focus-visible:ring-ring focus-visible:ring-offset-2 disabled:pointer-events-none disabled:opacity-50 active:scale-95 border border-input bg-background hover:bg-accent hover:text-accent-foreground h-10 px-4 py-2 mt-2 sm:mt-0\"\u001b[39m\n      \u001b[33mtype\u001b[39m=\u001b[32m\"button\"\u001b[39m\n    \u001b[36m>\u001b[39m\n      \u001b[0mCancel\u001b[0m\n    \u001b[36m</button>\u001b[39m\n    \u001b[36m<button\u001b[39m\n      \u001b[33mclass\u001b[39m=\u001b[32m\"inline-flex items-center justify-center gap-2 whitespace-nowrap rounded-md text-sm font-medium ring-offset-background transition-all focus-visible:outline-none focus-visible:ring-2 focus-visible:ring-ring focus-visible:ring-offset-2 disabled:pointer-events-none disabled:opacity-50 active:scale-95 bg-primary text-primary-foreground hover:bg-primary/90 h-10 px-4 py-2\"\u001b[39m\n      \u001b[33mtype\u001b[39m=\u001b[32m\"button\"\u001b[39m\n    \u001b[36m>\u001b[39m\n      \u001b[0mDelete\u001b[0m\n    \u001b[36m</button>\u001b[39m\n  \u001b[36m</div>\u001b[39m\n\u001b[36m</div>\u001b[39m\n    at Object.getElementError (C:\\Users\\HP\\Music\\Copiolet\\study_sentinel\\node_modules\\@testing-library\\dom\\dist\\config.js:37:19)\n    at C:\\Users\\HP\\Music\\Copiolet\\study_sentinel\\node_modules\\@testing-library\\dom\\dist\\query-helpers.js:76:38\n    at C:\\Users\\HP\\Music\\Copiolet\\study_sentinel\\node_modules\\@testing-library\\dom\\dist\\query-helpers.js:52:17\n    at C:\\Users\\HP\\Music\\Copiolet\\study_sentinel\\node_modules\\@testing-library\\dom\\dist\\query-helpers.js:95:19\n    at Object.getByText (C:\\Users\\HP\\Music\\Copiolet\\study_sentinel\\src\\app\\plans\\__tests__\\plans.test.tsx:245:27)"],"fullName":"PlansPage should handle deleting a routine","invocations":1,"location":null,"numPassingAsserts":1,"retryReasons":[],"startAt":1758111952895,"status":"failed","title":"should handle deleting a routine"},{"ancestorTitles":["PlansPage"],"duration":1007,"failing":false,"failureDetails":[],"failureMessages":[],"fullName":"PlansPage should handle editing a task","invocations":1,"location":null,"numPassingAsserts":2,"retryReasons":[],"startAt":1758111953481,"status":"passed","title":"should handle editing a task"},{"ancestorTitles":["PlansPage"],"duration":46,"failing":false,"failureDetails":[],"failureMessages":[],"fullName":"PlansPage should show an empty state for upcoming items when none are scheduled","invocations":1,"location":null,"numPassingAsserts":1,"retryReasons":[],"startAt":1758111954489,"status":"passed","title":"should show an empty state for upcoming items when none are scheduled"},{"ancestorTitles":["PlansPage"],"duration":676,"failing":false,"failureDetails":[],"failureMessages":[],"fullName":"PlansPage should show a global empty state when no items exist for the day","invocations":1,"location":null,"numPassingAsserts":3,"retryReasons":[],"startAt":1758111954535,"status":"passed","title":"should show a global empty state when no items exist for the day"},{"ancestorTitles":["PlansPage"],"duration":268,"failing":false,"failureDetails":[],"failureMessages":[],"fullName":"PlansPage should navigate to the next and previous day and update the date","invocations":1,"location":null,"numPassingAsserts":3,"retryReasons":[],"startAt":1758111955212,"status":"passed","title":"should navigate to the next and previous day and update the date"},{"ancestorTitles":["PlansPage"],"duration":805,"failing":false,"failureDetails":[],"failureMessages":[],"fullName":"PlansPage should change date using the calendar popover and go to today","invocations":1,"location":null,"numPassingAsserts":1,"retryReasons":[],"startAt":1758111955480,"status":"passed","title":"should change date using the calendar popover and go to today"},{"ancestorTitles":["PlansPage"],"duration":649,"failing":false,"failureDetails":[],"failureMessages":[],"fullName":"PlansPage should open the add item dialog via floating action button","invocations":1,"location":null,"numPassingAsserts":2,"retryReasons":[],"startAt":1758111956286,"status":"passed","title":"should open the add item dialog via floating action button"},{"ancestorTitles":["PlansPage","Completed Items Widget"],"duration":300,"failing":false,"failureDetails":[],"failureMessages":[],"fullName":"PlansPage Completed Items Widget should show completed items and handle undoing a task","invocations":1,"location":null,"numPassingAsserts":2,"retryReasons":[],"startAt":1758111956936,"status":"passed","title":"should show completed items and handle undoing a task"},{"ancestorTitles":["PlansPage","Completed Items Widget"],"duration":255,"failing":false,"failureDetails":[],"failureMessages":[],"fullName":"PlansPage Completed Items Widget should handle undoing a completed routine","invocations":1,"location":null,"numPassingAsserts":2,"retryReasons":[],"startAt":1758111957236,"status":"passed","title":"should handle undoing a completed routine"},{"ancestorTitles":["PlansPage","Completed Items Widget"],"duration":233,"failing":false,"failureDetails":[],"failureMessages":[],"fullName":"PlansPage Completed Items Widget should handle hard undo for a task","invocations":1,"location":null,"numPassingAsserts":2,"retryReasons":[],"startAt":1758111957492,"status":"passed","title":"should handle hard undo for a task"},{"ancestorTitles":["PlansPage","Completed Items Widget"],"duration":303,"failing":false,"failureDetails":[],"failureMessages":[],"fullName":"PlansPage Completed Items Widget should handle hard undo for a task when log is not found","invocations":1,"location":null,"numPassingAsserts":2,"retryReasons":[],"startAt":1758111957725,"status":"passed","title":"should handle hard undo for a task when log is not found"},{"ancestorTitles":["PlansPage","Completed Items Widget"],"duration":266,"failing":false,"failureDetails":[],"failureMessages":[],"fullName":"PlansPage Completed Items Widget should handle hard undo for a routine","invocations":1,"location":null,"numPassingAsserts":1,"retryReasons":[],"startAt":1758111958029,"status":"passed","title":"should handle hard undo for a routine"},{"ancestorTitles":["PlansPage","Offline User Flows"],"duration":152,"failing":false,"failureDetails":[],"failureMessages":[],"fullName":"PlansPage Offline User Flows should complete an upcoming task by clicking the checkbox","invocations":1,"location":null,"numPassingAsserts":1,"retryReasons":[],"startAt":1758111958295,"status":"passed","title":"should complete an upcoming task by clicking the checkbox"},{"ancestorTitles":["PlansPage","Offline User Flows"],"duration":1339,"failing":false,"failureDetails":[],"failureMessages":[],"fullName":"PlansPage Offline User Flows should create a new task when offline","invocations":1,"location":null,"numPassingAsserts":2,"retryReasons":[],"startAt":1758111958447,"status":"passed","title":"should create a new task when offline"},{"ancestorTitles":["PlansPage","Offline User Flows"],"duration":1402,"failing":false,"failureDetails":[],"failureMessages":[],"fullName":"PlansPage Offline User Flows should edit an existing task when offline","invocations":1,"location":null,"numPassingAsserts":3,"retryReasons":[],"startAt":1758111959786,"status":"passed","title":"should edit an existing task when offline"}],"endTime":1758111961246,"message":"  ● PlansPage › should handle deleting a routine\n\n    TestingLibraryElementError: Unable to find an element with the text: /This will permanently delete the routine \"Upcoming Routine\"./. This could be because the text is broken up by multiple elements. In this case, you can provide a function for your text matcher to make your matcher more flexible.\n\n    Ignored nodes: comments, script, style\n    \u001b[36m<div\u001b[39m\n      \u001b[33maria-labelledby\u001b[39m=\u001b[32m\"radix-:rbm:\"\u001b[39m\n      \u001b[33mclass\u001b[39m=\u001b[32m\"fixed left-[50%] top-[50%] z-50 grid w-full max-w-lg translate-x-[-50%] translate-y-[-50%] gap-4 border bg-background p-6 shadow-lg duration-200 data-[state=open]:animate-in data-[state=closed]:animate-out data-[state=closed]:fade-out-0 data-[state=open]:fade-in-0 data-[state=closed]:zoom-out-95 data-[state=open]:zoom-in-95 data-[state=closed]:slide-out-to-left-1/2 data-[state=closed]:slide-out-to-top-[48%] data-[state=open]:slide-in-from-left-1/2 data-[state=open]:slide-in-from-top-[48%] sm:rounded-lg\"\u001b[39m\n      \u001b[33mdata-state\u001b[39m=\u001b[32m\"open\"\u001b[39m\n      \u001b[33mid\u001b[39m=\u001b[32m\"radix-:rbl:\"\u001b[39m\n      \u001b[33mrole\u001b[39m=\u001b[32m\"alertdialog\"\u001b[39m\n      \u001b[33mstyle\u001b[39m=\u001b[32m\"pointer-events: auto;\"\u001b[39m\n      \u001b[33mtabindex\u001b[39m=\u001b[32m\"-1\"\u001b[39m\n    \u001b[36m>\u001b[39m\n      \u001b[36m<div\u001b[39m\n        \u001b[33mclass\u001b[39m=\u001b[32m\"flex flex-col space-y-2 text-center sm:text-left\"\u001b[39m\n      \u001b[36m>\u001b[39m\n        \u001b[36m<h2\u001b[39m\n          \u001b[33mclass\u001b[39m=\u001b[32m\"text-lg font-semibold\"\u001b[39m\n          \u001b[33mid\u001b[39m=\u001b[32m\"radix-:rbm:\"\u001b[39m\n        \u001b[36m>\u001b[39m\n          \u001b[0mAre you sure?\u001b[0m\n        \u001b[36m</h2>\u001b[39m\n        \u001b[36m<p\u001b[39m\n          \u001b[33mclass\u001b[39m=\u001b[32m\"text-sm text-muted-foreground\"\u001b[39m\n          \u001b[33mid\u001b[39m=\u001b[32m\"radix-:rbn:\"\u001b[39m\n        \u001b[36m>\u001b[39m\n          \u001b[0mThis will permanently delete the routine “\u001b[0m\n          \u001b[0mUpcoming Routine\u001b[0m\n          \u001b[0m”. This action cannot be undone.\u001b[0m\n        \u001b[36m</p>\u001b[39m\n      \u001b[36m</div>\u001b[39m\n      \u001b[36m<div\u001b[39m\n        \u001b[33mclass\u001b[39m=\u001b[32m\"flex flex-col-reverse sm:flex-row sm:justify-end sm:space-x-2\"\u001b[39m\n      \u001b[36m>\u001b[39m\n        \u001b[36m<button\u001b[39m\n          \u001b[33mclass\u001b[39m=\u001b[32m\"inline-flex items-center justify-center gap-2 whitespace-nowrap rounded-md text-sm font-medium ring-offset-background transition-all focus-visible:outline-none focus-visible:ring-2 focus-visible:ring-ring focus-visible:ring-offset-2 disabled:pointer-events-none disabled:opacity-50 active:scale-95 border border-input bg-background hover:bg-accent hover:text-accent-foreground h-10 px-4 py-2 mt-2 sm:mt-0\"\u001b[39m\n          \u001b[33mtype\u001b[39m=\u001b[32m\"button\"\u001b[39m\n        \u001b[36m>\u001b[39m\n          \u001b[0mCancel\u001b[0m\n        \u001b[36m</button>\u001b[39m\n        \u001b[36m<button\u001b[39m\n          \u001b[33mclass\u001b[39m=\u001b[32m\"inline-flex items-center justify-center gap-2 whitespace-nowrap rounded-md text-sm font-medium ring-offset-background transition-all focus-visible:outline-none focus-visible:ring-2 focus-visible:ring-ring focus-visible:ring-offset-2 disabled:pointer-events-none disabled:opacity-50 active:scale-95 bg-primary text-primary-foreground hover:bg-primary/90 h-10 px-4 py-2\"\u001b[39m\n          \u001b[33mtype\u001b[39m=\u001b[32m\"button\"\u001b[39m\n        \u001b[36m>\u001b[39m\n          \u001b[0mDelete\u001b[0m\n        \u001b[36m</button>\u001b[39m\n      \u001b[36m</div>\u001b[39m\n    \u001b[36m</div>\u001b[39m\n\n    \u001b[0m \u001b[90m 243 |\u001b[39m     \u001b[36mconst\u001b[39m dialog \u001b[33m=\u001b[39m \u001b[36mawait\u001b[39m screen\u001b[33m.\u001b[39mfindByRole(\u001b[32m'alertdialog'\u001b[39m)\u001b[33m;\u001b[39m\n     \u001b[90m 244 |\u001b[39m     expect(dialog)\u001b[33m.\u001b[39mtoBeInTheDocument()\u001b[33m;\u001b[39m\n    \u001b[31m\u001b[1m>\u001b[22m\u001b[39m\u001b[90m 245 |\u001b[39m     expect(within(dialog)\u001b[33m.\u001b[39mgetByText(\u001b[35m/This will permanently delete the routine \"Upcoming Routine\"./\u001b[39m))\u001b[33m.\u001b[39mtoBeInTheDocument()\u001b[33m;\u001b[39m\n     \u001b[90m     |\u001b[39m                           \u001b[31m\u001b[1m^\u001b[22m\u001b[39m\n     \u001b[90m 246 |\u001b[39m     \n     \u001b[90m 247 |\u001b[39m     \u001b[36mconst\u001b[39m confirmButton \u001b[33m=\u001b[39m within(dialog)\u001b[33m.\u001b[39mgetByRole(\u001b[32m'button'\u001b[39m\u001b[33m,\u001b[39m { name\u001b[33m:\u001b[39m \u001b[35m/delete/i\u001b[39m })\u001b[33m;\u001b[39m\n     \u001b[90m 248 |\u001b[39m     \u001b[36mawait\u001b[39m user\u001b[33m.\u001b[39mclick(confirmButton)\u001b[33m;\u001b[39m\u001b[0m\n\n      at Object.getElementError (node_modules/@testing-library/dom/dist/config.js:37:19)\n      at node_modules/@testing-library/dom/dist/query-helpers.js:76:38\n      at node_modules/@testing-library/dom/dist/query-helpers.js:52:17\n      at node_modules/@testing-library/dom/dist/query-helpers.js:95:19\n      at Object.getByText (src/app/plans/__tests__/plans.test.tsx:245:27)\n","name":"C:\\Users\\HP\\Music\\Copiolet\\study_sentinel\\src\\app\\plans\\__tests__\\plans.test.tsx","startTime":1758111941402,"status":"failed","summary":""},{"assertionResults":[{"ancestorTitles":["ai/flows/generateDailySummary"],"duration":239,"failing":false,"failureDetails":[{"status":"FAILED_PRECONDITION","code":400,"originalMessage":"Please pass in the API key or set the GEMINI_API_KEY or GOOGLE_API_KEY environment variable.\nFor more details see https://genkit.dev/docs/plugins/google-genai","name":"GenkitError","traceId":"f5f0d2a992b8b07ffa84033b1d04d0ea"}],"failureMessages":["GenkitError: FAILED_PRECONDITION: Please pass in the API key or set the GEMINI_API_KEY or GOOGLE_API_KEY environment variable.\nFor more details see https://genkit.dev/docs/plugins/google-genai\n    at defineGoogleAIModel (C:\\Users\\HP\\Music\\Copiolet\\study_sentinel\\node_modules\\@genkit-ai\\googleai\\src\\gemini.ts:949:13)\n    at C:\\Users\\HP\\Music\\Copiolet\\study_sentinel\\node_modules\\@genkit-ai\\googleai\\src\\index.ts:137:7\n    at Array.forEach (<anonymous>)\n    at initializer (C:\\Users\\HP\\Music\\Copiolet\\study_sentinel\\node_modules\\@genkit-ai\\googleai\\src\\index.ts:136:39)\n    at C:\\Users\\HP\\Music\\Copiolet\\study_sentinel\\node_modules\\@genkit-ai\\googleai\\src\\index.ts:332:33\n    at Object.initializer (C:\\Users\\HP\\Music\\Copiolet\\study_sentinel\\node_modules\\genkit\\src\\plugin.ts:50:13)\n    at Object.initializer (C:\\Users\\HP\\Music\\Copiolet\\study_sentinel\\node_modules\\genkit\\src\\genkit.ts:920:30)\n    at Object.initializer (C:\\Users\\HP\\Music\\Copiolet\\study_sentinel\\node_modules\\@genkit-ai\\core\\src\\registry.ts:345:29)\n    at C:\\Users\\HP\\Music\\Copiolet\\study_sentinel\\node_modules\\@genkit-ai\\core\\src\\registry.ts:403:34\n    at AsyncLocalStorage.run (node:internal/async_local_storage/async_hooks:91:14)\n    at AsyncStore.run (C:\\Users\\HP\\Music\\Copiolet\\study_sentinel\\node_modules\\@genkit-ai\\core\\src\\registry.ts:473:27)\n    at runOutsideActionRuntimeContext (C:\\Users\\HP\\Music\\Copiolet\\study_sentinel\\node_modules\\@genkit-ai\\core\\src\\action.ts:642:30)\n    at Registry.initializePlugin (C:\\Users\\HP\\Music\\Copiolet\\study_sentinel\\node_modules\\@genkit-ai\\core\\src\\registry.ts:402:20)\n    at Registry.initializeAllPlugins (C:\\Users\\HP\\Music\\Copiolet\\study_sentinel\\node_modules\\@genkit-ai\\core\\src\\registry.ts:324:18)\n    at C:\\Users\\HP\\Music\\Copiolet\\study_sentinel\\node_modules\\@genkit-ai\\core\\src\\action.ts:530:22\n    at actionFn2 (C:\\Users\\HP\\Music\\Copiolet\\study_sentinel\\node_modules\\@genkit-ai\\core\\src\\action.ts:386:17)\n    at runWithContext (C:\\Users\\HP\\Music\\Copiolet\\study_sentinel\\node_modules\\@genkit-ai\\core\\src\\context.ts:43:12)\n    at C:\\Users\\HP\\Music\\Copiolet\\study_sentinel\\node_modules\\@genkit-ai\\core\\src\\action.ts:406:36\n    at C:\\Users\\HP\\Music\\Copiolet\\study_sentinel\\node_modules\\@genkit-ai\\core\\src\\tracing\\instrumentation.ts:73:22\n    at C:\\Users\\HP\\Music\\Copiolet\\study_sentinel\\node_modules\\@genkit-ai\\core\\src\\tracing\\instrumentation.ts:118:17\n    at AsyncLocalStorage.run (node:internal/async_local_storage/async_hooks:91:14)\n    at AsyncStore.run (C:\\Users\\HP\\Music\\Copiolet\\study_sentinel\\node_modules\\@genkit-ai\\core\\src\\registry.ts:473:27)\n    at C:\\Users\\HP\\Music\\Copiolet\\study_sentinel\\node_modules\\@genkit-ai\\core\\src\\tracing\\instrumentation.ts:115:58\n    at AsyncLocalStorage.run (node:internal/async_local_storage/async_hooks:91:14)\n    at AsyncLocalStorageContextManager.with (C:\\Users\\HP\\Music\\Copiolet\\study_sentinel\\node_modules\\@opentelemetry\\context-async-hooks\\src\\AsyncLocalStorageContextManager.ts:40:36)\n    at ContextAPI.with (C:\\Users\\HP\\Music\\Copiolet\\study_sentinel\\node_modules\\@opentelemetry\\api\\src\\api\\context.ts:77:42)\n    at Tracer.startActiveSpan (C:\\Users\\HP\\Music\\Copiolet\\study_sentinel\\node_modules\\@opentelemetry\\sdk-trace-base\\src\\Tracer.ts:241:28)\n    at runInNewSpan (C:\\Users\\HP\\Music\\Copiolet\\study_sentinel\\node_modules\\@genkit-ai\\core\\src\\tracing\\instrumentation.ts:103:23)\n    at newTrace (C:\\Users\\HP\\Music\\Copiolet\\study_sentinel\\node_modules\\@genkit-ai\\core\\src\\tracing\\instrumentation.ts:62:10)\n    at AsyncFunction.actionFn.run (C:\\Users\\HP\\Music\\Copiolet\\study_sentinel\\node_modules\\@genkit-ai\\core\\src\\action.ts:359:22)\n    at actionFn (C:\\Users\\HP\\Music\\Copiolet\\study_sentinel\\node_modules\\@genkit-ai\\core\\src\\action.ts:343:17)\n    at Object.<anonymous> (C:\\Users\\HP\\Music\\Copiolet\\study_sentinel\\src\\ai\\flows\\__tests__\\generate-daily-summary.test.ts:33:5)"],"fullName":"ai/flows/generateDailySummary should call generateWithFallback with a correctly formatted prompt","invocations":1,"location":null,"numPassingAsserts":0,"retryReasons":[],"startAt":1758111964363,"status":"failed","title":"should call generateWithFallback with a correctly formatted prompt"},{"ancestorTitles":["ai/flows/generateDailySummary"],"duration":2,"failing":false,"failureDetails":[{"status":"FAILED_PRECONDITION","code":400,"originalMessage":"Please pass in the API key or set the GEMINI_API_KEY or GOOGLE_API_KEY environment variable.\nFor more details see https://genkit.dev/docs/plugins/google-genai","name":"GenkitError","traceId":"f5f0d2a992b8b07ffa84033b1d04d0ea"}],"failureMessages":["GenkitError: FAILED_PRECONDITION: Please pass in the API key or set the GEMINI_API_KEY or GOOGLE_API_KEY environment variable.\nFor more details see https://genkit.dev/docs/plugins/google-genai\n    at defineGoogleAIModel (C:\\Users\\HP\\Music\\Copiolet\\study_sentinel\\node_modules\\@genkit-ai\\googleai\\src\\gemini.ts:949:13)\n    at C:\\Users\\HP\\Music\\Copiolet\\study_sentinel\\node_modules\\@genkit-ai\\googleai\\src\\index.ts:137:7\n    at Array.forEach (<anonymous>)\n    at initializer (C:\\Users\\HP\\Music\\Copiolet\\study_sentinel\\node_modules\\@genkit-ai\\googleai\\src\\index.ts:136:39)\n    at C:\\Users\\HP\\Music\\Copiolet\\study_sentinel\\node_modules\\@genkit-ai\\googleai\\src\\index.ts:332:33\n    at Object.initializer (C:\\Users\\HP\\Music\\Copiolet\\study_sentinel\\node_modules\\genkit\\src\\plugin.ts:50:13)\n    at Object.initializer (C:\\Users\\HP\\Music\\Copiolet\\study_sentinel\\node_modules\\genkit\\src\\genkit.ts:920:30)\n    at Object.initializer (C:\\Users\\HP\\Music\\Copiolet\\study_sentinel\\node_modules\\@genkit-ai\\core\\src\\registry.ts:345:29)\n    at C:\\Users\\HP\\Music\\Copiolet\\study_sentinel\\node_modules\\@genkit-ai\\core\\src\\registry.ts:403:34\n    at AsyncLocalStorage.run (node:internal/async_local_storage/async_hooks:91:14)\n    at AsyncStore.run (C:\\Users\\HP\\Music\\Copiolet\\study_sentinel\\node_modules\\@genkit-ai\\core\\src\\registry.ts:473:27)\n    at runOutsideActionRuntimeContext (C:\\Users\\HP\\Music\\Copiolet\\study_sentinel\\node_modules\\@genkit-ai\\core\\src\\action.ts:642:30)\n    at Registry.initializePlugin (C:\\Users\\HP\\Music\\Copiolet\\study_sentinel\\node_modules\\@genkit-ai\\core\\src\\registry.ts:402:20)\n    at Registry.initializeAllPlugins (C:\\Users\\HP\\Music\\Copiolet\\study_sentinel\\node_modules\\@genkit-ai\\core\\src\\registry.ts:324:18)\n    at C:\\Users\\HP\\Music\\Copiolet\\study_sentinel\\node_modules\\@genkit-ai\\core\\src\\action.ts:530:22\n    at actionFn2 (C:\\Users\\HP\\Music\\Copiolet\\study_sentinel\\node_modules\\@genkit-ai\\core\\src\\action.ts:386:17)\n    at runWithContext (C:\\Users\\HP\\Music\\Copiolet\\study_sentinel\\node_modules\\@genkit-ai\\core\\src\\context.ts:43:12)\n    at C:\\Users\\HP\\Music\\Copiolet\\study_sentinel\\node_modules\\@genkit-ai\\core\\src\\action.ts:406:36\n    at C:\\Users\\HP\\Music\\Copiolet\\study_sentinel\\node_modules\\@genkit-ai\\core\\src\\tracing\\instrumentation.ts:73:22\n    at C:\\Users\\HP\\Music\\Copiolet\\study_sentinel\\node_modules\\@genkit-ai\\core\\src\\tracing\\instrumentation.ts:118:17\n    at AsyncLocalStorage.run (node:internal/async_local_storage/async_hooks:91:14)\n    at AsyncStore.run (C:\\Users\\HP\\Music\\Copiolet\\study_sentinel\\node_modules\\@genkit-ai\\core\\src\\registry.ts:473:27)\n    at C:\\Users\\HP\\Music\\Copiolet\\study_sentinel\\node_modules\\@genkit-ai\\core\\src\\tracing\\instrumentation.ts:115:58\n    at AsyncLocalStorage.run (node:internal/async_local_storage/async_hooks:91:14)\n    at AsyncLocalStorageContextManager.with (C:\\Users\\HP\\Music\\Copiolet\\study_sentinel\\node_modules\\@opentelemetry\\context-async-hooks\\src\\AsyncLocalStorageContextManager.ts:40:36)\n    at ContextAPI.with (C:\\Users\\HP\\Music\\Copiolet\\study_sentinel\\node_modules\\@opentelemetry\\api\\src\\api\\context.ts:77:42)\n    at Tracer.startActiveSpan (C:\\Users\\HP\\Music\\Copiolet\\study_sentinel\\node_modules\\@opentelemetry\\sdk-trace-base\\src\\Tracer.ts:241:28)\n    at runInNewSpan (C:\\Users\\HP\\Music\\Copiolet\\study_sentinel\\node_modules\\@genkit-ai\\core\\src\\tracing\\instrumentation.ts:103:23)\n    at newTrace (C:\\Users\\HP\\Music\\Copiolet\\study_sentinel\\node_modules\\@genkit-ai\\core\\src\\tracing\\instrumentation.ts:62:10)\n    at AsyncFunction.actionFn.run (C:\\Users\\HP\\Music\\Copiolet\\study_sentinel\\node_modules\\@genkit-ai\\core\\src\\action.ts:359:22)\n    at actionFn (C:\\Users\\HP\\Music\\Copiolet\\study_sentinel\\node_modules\\@genkit-ai\\core\\src\\action.ts:343:17)\n    at Object.<anonymous> (C:\\Users\\HP\\Music\\Copiolet\\study_sentinel\\src\\ai\\flows\\__tests__\\generate-daily-summary.test.ts:33:5)"],"fullName":"ai/flows/generateDailySummary should correctly parse a well-formatted response","invocations":1,"location":null,"numPassingAsserts":0,"retryReasons":[],"startAt":1758111964603,"status":"failed","title":"should correctly parse a well-formatted response"},{"ancestorTitles":["ai/flows/generateDailySummary"],"duration":2,"failing":false,"failureDetails":[{"status":"FAILED_PRECONDITION","code":400,"originalMessage":"Please pass in the API key or set the GEMINI_API_KEY or GOOGLE_API_KEY environment variable.\nFor more details see https://genkit.dev/docs/plugins/google-genai","name":"GenkitError","traceId":"f5f0d2a992b8b07ffa84033b1d04d0ea"}],"failureMessages":["GenkitError: FAILED_PRECONDITION: Please pass in the API key or set the GEMINI_API_KEY or GOOGLE_API_KEY environment variable.\nFor more details see https://genkit.dev/docs/plugins/google-genai\n    at defineGoogleAIModel (C:\\Users\\HP\\Music\\Copiolet\\study_sentinel\\node_modules\\@genkit-ai\\googleai\\src\\gemini.ts:949:13)\n    at C:\\Users\\HP\\Music\\Copiolet\\study_sentinel\\node_modules\\@genkit-ai\\googleai\\src\\index.ts:137:7\n    at Array.forEach (<anonymous>)\n    at initializer (C:\\Users\\HP\\Music\\Copiolet\\study_sentinel\\node_modules\\@genkit-ai\\googleai\\src\\index.ts:136:39)\n    at C:\\Users\\HP\\Music\\Copiolet\\study_sentinel\\node_modules\\@genkit-ai\\googleai\\src\\index.ts:332:33\n    at Object.initializer (C:\\Users\\HP\\Music\\Copiolet\\study_sentinel\\node_modules\\genkit\\src\\plugin.ts:50:13)\n    at Object.initializer (C:\\Users\\HP\\Music\\Copiolet\\study_sentinel\\node_modules\\genkit\\src\\genkit.ts:920:30)\n    at Object.initializer (C:\\Users\\HP\\Music\\Copiolet\\study_sentinel\\node_modules\\@genkit-ai\\core\\src\\registry.ts:345:29)\n    at C:\\Users\\HP\\Music\\Copiolet\\study_sentinel\\node_modules\\@genkit-ai\\core\\src\\registry.ts:403:34\n    at AsyncLocalStorage.run (node:internal/async_local_storage/async_hooks:91:14)\n    at AsyncStore.run (C:\\Users\\HP\\Music\\Copiolet\\study_sentinel\\node_modules\\@genkit-ai\\core\\src\\registry.ts:473:27)\n    at runOutsideActionRuntimeContext (C:\\Users\\HP\\Music\\Copiolet\\study_sentinel\\node_modules\\@genkit-ai\\core\\src\\action.ts:642:30)\n    at Registry.initializePlugin (C:\\Users\\HP\\Music\\Copiolet\\study_sentinel\\node_modules\\@genkit-ai\\core\\src\\registry.ts:402:20)\n    at Registry.initializeAllPlugins (C:\\Users\\HP\\Music\\Copiolet\\study_sentinel\\node_modules\\@genkit-ai\\core\\src\\registry.ts:324:18)\n    at C:\\Users\\HP\\Music\\Copiolet\\study_sentinel\\node_modules\\@genkit-ai\\core\\src\\action.ts:530:22\n    at actionFn2 (C:\\Users\\HP\\Music\\Copiolet\\study_sentinel\\node_modules\\@genkit-ai\\core\\src\\action.ts:386:17)\n    at runWithContext (C:\\Users\\HP\\Music\\Copiolet\\study_sentinel\\node_modules\\@genkit-ai\\core\\src\\context.ts:43:12)\n    at C:\\Users\\HP\\Music\\Copiolet\\study_sentinel\\node_modules\\@genkit-ai\\core\\src\\action.ts:406:36\n    at C:\\Users\\HP\\Music\\Copiolet\\study_sentinel\\node_modules\\@genkit-ai\\core\\src\\tracing\\instrumentation.ts:73:22\n    at C:\\Users\\HP\\Music\\Copiolet\\study_sentinel\\node_modules\\@genkit-ai\\core\\src\\tracing\\instrumentation.ts:118:17\n    at AsyncLocalStorage.run (node:internal/async_local_storage/async_hooks:91:14)\n    at AsyncStore.run (C:\\Users\\HP\\Music\\Copiolet\\study_sentinel\\node_modules\\@genkit-ai\\core\\src\\registry.ts:473:27)\n    at C:\\Users\\HP\\Music\\Copiolet\\study_sentinel\\node_modules\\@genkit-ai\\core\\src\\tracing\\instrumentation.ts:115:58\n    at AsyncLocalStorage.run (node:internal/async_local_storage/async_hooks:91:14)\n    at AsyncLocalStorageContextManager.with (C:\\Users\\HP\\Music\\Copiolet\\study_sentinel\\node_modules\\@opentelemetry\\context-async-hooks\\src\\AsyncLocalStorageContextManager.ts:40:36)\n    at ContextAPI.with (C:\\Users\\HP\\Music\\Copiolet\\study_sentinel\\node_modules\\@opentelemetry\\api\\src\\api\\context.ts:77:42)\n    at Tracer.startActiveSpan (C:\\Users\\HP\\Music\\Copiolet\\study_sentinel\\node_modules\\@opentelemetry\\sdk-trace-base\\src\\Tracer.ts:241:28)\n    at runInNewSpan (C:\\Users\\HP\\Music\\Copiolet\\study_sentinel\\node_modules\\@genkit-ai\\core\\src\\tracing\\instrumentation.ts:103:23)\n    at newTrace (C:\\Users\\HP\\Music\\Copiolet\\study_sentinel\\node_modules\\@genkit-ai\\core\\src\\tracing\\instrumentation.ts:62:10)\n    at AsyncFunction.actionFn.run (C:\\Users\\HP\\Music\\Copiolet\\study_sentinel\\node_modules\\@genkit-ai\\core\\src\\action.ts:359:22)\n    at actionFn (C:\\Users\\HP\\Music\\Copiolet\\study_sentinel\\node_modules\\@genkit-ai\\core\\src\\action.ts:343:17)\n    at Object.<anonymous> (C:\\Users\\HP\\Music\\Copiolet\\study_sentinel\\src\\ai\\flows\\__tests__\\generate-daily-summary.test.ts:33:5)"],"fullName":"ai/flows/generateDailySummary should handle extra whitespace in the response","invocations":1,"location":null,"numPassingAsserts":0,"retryReasons":[],"startAt":1758111964606,"status":"failed","title":"should handle extra whitespace in the response"},{"ancestorTitles":["ai/flows/generateDailySummary"],"duration":11,"failing":false,"failureDetails":[{"status":"FAILED_PRECONDITION","code":400,"originalMessage":"Please pass in the API key or set the GEMINI_API_KEY or GOOGLE_API_KEY environment variable.\nFor more details see https://genkit.dev/docs/plugins/google-genai","name":"GenkitError","traceId":"f5f0d2a992b8b07ffa84033b1d04d0ea"}],"failureMessages":["GenkitError: FAILED_PRECONDITION: Please pass in the API key or set the GEMINI_API_KEY or GOOGLE_API_KEY environment variable.\nFor more details see https://genkit.dev/docs/plugins/google-genai\n    at defineGoogleAIModel (C:\\Users\\HP\\Music\\Copiolet\\study_sentinel\\node_modules\\@genkit-ai\\googleai\\src\\gemini.ts:949:13)\n    at C:\\Users\\HP\\Music\\Copiolet\\study_sentinel\\node_modules\\@genkit-ai\\googleai\\src\\index.ts:137:7\n    at Array.forEach (<anonymous>)\n    at initializer (C:\\Users\\HP\\Music\\Copiolet\\study_sentinel\\node_modules\\@genkit-ai\\googleai\\src\\index.ts:136:39)\n    at C:\\Users\\HP\\Music\\Copiolet\\study_sentinel\\node_modules\\@genkit-ai\\googleai\\src\\index.ts:332:33\n    at Object.initializer (C:\\Users\\HP\\Music\\Copiolet\\study_sentinel\\node_modules\\genkit\\src\\plugin.ts:50:13)\n    at Object.initializer (C:\\Users\\HP\\Music\\Copiolet\\study_sentinel\\node_modules\\genkit\\src\\genkit.ts:920:30)\n    at Object.initializer (C:\\Users\\HP\\Music\\Copiolet\\study_sentinel\\node_modules\\@genkit-ai\\core\\src\\registry.ts:345:29)\n    at C:\\Users\\HP\\Music\\Copiolet\\study_sentinel\\node_modules\\@genkit-ai\\core\\src\\registry.ts:403:34\n    at AsyncLocalStorage.run (node:internal/async_local_storage/async_hooks:91:14)\n    at AsyncStore.run (C:\\Users\\HP\\Music\\Copiolet\\study_sentinel\\node_modules\\@genkit-ai\\core\\src\\registry.ts:473:27)\n    at runOutsideActionRuntimeContext (C:\\Users\\HP\\Music\\Copiolet\\study_sentinel\\node_modules\\@genkit-ai\\core\\src\\action.ts:642:30)\n    at Registry.initializePlugin (C:\\Users\\HP\\Music\\Copiolet\\study_sentinel\\node_modules\\@genkit-ai\\core\\src\\registry.ts:402:20)\n    at Registry.initializeAllPlugins (C:\\Users\\HP\\Music\\Copiolet\\study_sentinel\\node_modules\\@genkit-ai\\core\\src\\registry.ts:324:18)\n    at C:\\Users\\HP\\Music\\Copiolet\\study_sentinel\\node_modules\\@genkit-ai\\core\\src\\action.ts:530:22\n    at actionFn2 (C:\\Users\\HP\\Music\\Copiolet\\study_sentinel\\node_modules\\@genkit-ai\\core\\src\\action.ts:386:17)\n    at runWithContext (C:\\Users\\HP\\Music\\Copiolet\\study_sentinel\\node_modules\\@genkit-ai\\core\\src\\context.ts:43:12)\n    at C:\\Users\\HP\\Music\\Copiolet\\study_sentinel\\node_modules\\@genkit-ai\\core\\src\\action.ts:406:36\n    at C:\\Users\\HP\\Music\\Copiolet\\study_sentinel\\node_modules\\@genkit-ai\\core\\src\\tracing\\instrumentation.ts:73:22\n    at C:\\Users\\HP\\Music\\Copiolet\\study_sentinel\\node_modules\\@genkit-ai\\core\\src\\tracing\\instrumentation.ts:118:17\n    at AsyncLocalStorage.run (node:internal/async_local_storage/async_hooks:91:14)\n    at AsyncStore.run (C:\\Users\\HP\\Music\\Copiolet\\study_sentinel\\node_modules\\@genkit-ai\\core\\src\\registry.ts:473:27)\n    at C:\\Users\\HP\\Music\\Copiolet\\study_sentinel\\node_modules\\@genkit-ai\\core\\src\\tracing\\instrumentation.ts:115:58\n    at AsyncLocalStorage.run (node:internal/async_local_storage/async_hooks:91:14)\n    at AsyncLocalStorageContextManager.with (C:\\Users\\HP\\Music\\Copiolet\\study_sentinel\\node_modules\\@opentelemetry\\context-async-hooks\\src\\AsyncLocalStorageContextManager.ts:40:36)\n    at ContextAPI.with (C:\\Users\\HP\\Music\\Copiolet\\study_sentinel\\node_modules\\@opentelemetry\\api\\src\\api\\context.ts:77:42)\n    at Tracer.startActiveSpan (C:\\Users\\HP\\Music\\Copiolet\\study_sentinel\\node_modules\\@opentelemetry\\sdk-trace-base\\src\\Tracer.ts:241:28)\n    at runInNewSpan (C:\\Users\\HP\\Music\\Copiolet\\study_sentinel\\node_modules\\@genkit-ai\\core\\src\\tracing\\instrumentation.ts:103:23)\n    at newTrace (C:\\Users\\HP\\Music\\Copiolet\\study_sentinel\\node_modules\\@genkit-ai\\core\\src\\tracing\\instrumentation.ts:62:10)\n    at AsyncFunction.actionFn.run (C:\\Users\\HP\\Music\\Copiolet\\study_sentinel\\node_modules\\@genkit-ai\\core\\src\\action.ts:359:22)\n    at actionFn (C:\\Users\\HP\\Music\\Copiolet\\study_sentinel\\node_modules\\@genkit-ai\\core\\src\\action.ts:343:17)\n    at Object.<anonymous> (C:\\Users\\HP\\Music\\Copiolet\\study_sentinel\\src\\ai\\flows\\__tests__\\generate-daily-summary.test.ts:33:5)"],"fullName":"ai/flows/generateDailySummary should provide a default evaluation if the keyword is missing","invocations":1,"location":null,"numPassingAsserts":0,"retryReasons":[],"startAt":1758111964609,"status":"failed","title":"should provide a default evaluation if the keyword is missing"},{"ancestorTitles":["ai/flows/generateDailySummary"],"duration":3,"failing":false,"failureDetails":[{"status":"FAILED_PRECONDITION","code":400,"originalMessage":"Please pass in the API key or set the GEMINI_API_KEY or GOOGLE_API_KEY environment variable.\nFor more details see https://genkit.dev/docs/plugins/google-genai","name":"GenkitError","traceId":"f5f0d2a992b8b07ffa84033b1d04d0ea"}],"failureMessages":["GenkitError: FAILED_PRECONDITION: Please pass in the API key or set the GEMINI_API_KEY or GOOGLE_API_KEY environment variable.\nFor more details see https://genkit.dev/docs/plugins/google-genai\n    at defineGoogleAIModel (C:\\Users\\HP\\Music\\Copiolet\\study_sentinel\\node_modules\\@genkit-ai\\googleai\\src\\gemini.ts:949:13)\n    at C:\\Users\\HP\\Music\\Copiolet\\study_sentinel\\node_modules\\@genkit-ai\\googleai\\src\\index.ts:137:7\n    at Array.forEach (<anonymous>)\n    at initializer (C:\\Users\\HP\\Music\\Copiolet\\study_sentinel\\node_modules\\@genkit-ai\\googleai\\src\\index.ts:136:39)\n    at C:\\Users\\HP\\Music\\Copiolet\\study_sentinel\\node_modules\\@genkit-ai\\googleai\\src\\index.ts:332:33\n    at Object.initializer (C:\\Users\\HP\\Music\\Copiolet\\study_sentinel\\node_modules\\genkit\\src\\plugin.ts:50:13)\n    at Object.initializer (C:\\Users\\HP\\Music\\Copiolet\\study_sentinel\\node_modules\\genkit\\src\\genkit.ts:920:30)\n    at Object.initializer (C:\\Users\\HP\\Music\\Copiolet\\study_sentinel\\node_modules\\@genkit-ai\\core\\src\\registry.ts:345:29)\n    at C:\\Users\\HP\\Music\\Copiolet\\study_sentinel\\node_modules\\@genkit-ai\\core\\src\\registry.ts:403:34\n    at AsyncLocalStorage.run (node:internal/async_local_storage/async_hooks:91:14)\n    at AsyncStore.run (C:\\Users\\HP\\Music\\Copiolet\\study_sentinel\\node_modules\\@genkit-ai\\core\\src\\registry.ts:473:27)\n    at runOutsideActionRuntimeContext (C:\\Users\\HP\\Music\\Copiolet\\study_sentinel\\node_modules\\@genkit-ai\\core\\src\\action.ts:642:30)\n    at Registry.initializePlugin (C:\\Users\\HP\\Music\\Copiolet\\study_sentinel\\node_modules\\@genkit-ai\\core\\src\\registry.ts:402:20)\n    at Registry.initializeAllPlugins (C:\\Users\\HP\\Music\\Copiolet\\study_sentinel\\node_modules\\@genkit-ai\\core\\src\\registry.ts:324:18)\n    at C:\\Users\\HP\\Music\\Copiolet\\study_sentinel\\node_modules\\@genkit-ai\\core\\src\\action.ts:530:22\n    at actionFn2 (C:\\Users\\HP\\Music\\Copiolet\\study_sentinel\\node_modules\\@genkit-ai\\core\\src\\action.ts:386:17)\n    at runWithContext (C:\\Users\\HP\\Music\\Copiolet\\study_sentinel\\node_modules\\@genkit-ai\\core\\src\\context.ts:43:12)\n    at C:\\Users\\HP\\Music\\Copiolet\\study_sentinel\\node_modules\\@genkit-ai\\core\\src\\action.ts:406:36\n    at C:\\Users\\HP\\Music\\Copiolet\\study_sentinel\\node_modules\\@genkit-ai\\core\\src\\tracing\\instrumentation.ts:73:22\n    at C:\\Users\\HP\\Music\\Copiolet\\study_sentinel\\node_modules\\@genkit-ai\\core\\src\\tracing\\instrumentation.ts:118:17\n    at AsyncLocalStorage.run (node:internal/async_local_storage/async_hooks:91:14)\n    at AsyncStore.run (C:\\Users\\HP\\Music\\Copiolet\\study_sentinel\\node_modules\\@genkit-ai\\core\\src\\registry.ts:473:27)\n    at C:\\Users\\HP\\Music\\Copiolet\\study_sentinel\\node_modules\\@genkit-ai\\core\\src\\tracing\\instrumentation.ts:115:58\n    at AsyncLocalStorage.run (node:internal/async_local_storage/async_hooks:91:14)\n    at AsyncLocalStorageContextManager.with (C:\\Users\\HP\\Music\\Copiolet\\study_sentinel\\node_modules\\@opentelemetry\\context-async-hooks\\src\\AsyncLocalStorageContextManager.ts:40:36)\n    at ContextAPI.with (C:\\Users\\HP\\Music\\Copiolet\\study_sentinel\\node_modules\\@opentelemetry\\api\\src\\api\\context.ts:77:42)\n    at Tracer.startActiveSpan (C:\\Users\\HP\\Music\\Copiolet\\study_sentinel\\node_modules\\@opentelemetry\\sdk-trace-base\\src\\Tracer.ts:241:28)\n    at runInNewSpan (C:\\Users\\HP\\Music\\Copiolet\\study_sentinel\\node_modules\\@genkit-ai\\core\\src\\tracing\\instrumentation.ts:103:23)\n    at newTrace (C:\\Users\\HP\\Music\\Copiolet\\study_sentinel\\node_modules\\@genkit-ai\\core\\src\\tracing\\instrumentation.ts:62:10)\n    at AsyncFunction.actionFn.run (C:\\Users\\HP\\Music\\Copiolet\\study_sentinel\\node_modules\\@genkit-ai\\core\\src\\action.ts:359:22)\n    at actionFn (C:\\Users\\HP\\Music\\Copiolet\\study_sentinel\\node_modules\\@genkit-ai\\core\\src\\action.ts:343:17)\n    at Object.<anonymous> (C:\\Users\\HP\\Music\\Copiolet\\study_sentinel\\src\\ai\\flows\\__tests__\\generate-daily-summary.test.ts:33:5)"],"fullName":"ai/flows/generateDailySummary should provide a default motivation if the keyword is missing","invocations":1,"location":null,"numPassingAsserts":0,"retryReasons":[],"startAt":1758111964621,"status":"failed","title":"should provide a default motivation if the keyword is missing"},{"ancestorTitles":["ai/flows/generateDailySummary"],"duration":3,"failing":false,"failureDetails":[{"status":"FAILED_PRECONDITION","code":400,"originalMessage":"Please pass in the API key or set the GEMINI_API_KEY or GOOGLE_API_KEY environment variable.\nFor more details see https://genkit.dev/docs/plugins/google-genai","name":"GenkitError","traceId":"f5f0d2a992b8b07ffa84033b1d04d0ea"}],"failureMessages":["GenkitError: FAILED_PRECONDITION: Please pass in the API key or set the GEMINI_API_KEY or GOOGLE_API_KEY environment variable.\nFor more details see https://genkit.dev/docs/plugins/google-genai\n    at defineGoogleAIModel (C:\\Users\\HP\\Music\\Copiolet\\study_sentinel\\node_modules\\@genkit-ai\\googleai\\src\\gemini.ts:949:13)\n    at C:\\Users\\HP\\Music\\Copiolet\\study_sentinel\\node_modules\\@genkit-ai\\googleai\\src\\index.ts:137:7\n    at Array.forEach (<anonymous>)\n    at initializer (C:\\Users\\HP\\Music\\Copiolet\\study_sentinel\\node_modules\\@genkit-ai\\googleai\\src\\index.ts:136:39)\n    at C:\\Users\\HP\\Music\\Copiolet\\study_sentinel\\node_modules\\@genkit-ai\\googleai\\src\\index.ts:332:33\n    at Object.initializer (C:\\Users\\HP\\Music\\Copiolet\\study_sentinel\\node_modules\\genkit\\src\\plugin.ts:50:13)\n    at Object.initializer (C:\\Users\\HP\\Music\\Copiolet\\study_sentinel\\node_modules\\genkit\\src\\genkit.ts:920:30)\n    at Object.initializer (C:\\Users\\HP\\Music\\Copiolet\\study_sentinel\\node_modules\\@genkit-ai\\core\\src\\registry.ts:345:29)\n    at C:\\Users\\HP\\Music\\Copiolet\\study_sentinel\\node_modules\\@genkit-ai\\core\\src\\registry.ts:403:34\n    at AsyncLocalStorage.run (node:internal/async_local_storage/async_hooks:91:14)\n    at AsyncStore.run (C:\\Users\\HP\\Music\\Copiolet\\study_sentinel\\node_modules\\@genkit-ai\\core\\src\\registry.ts:473:27)\n    at runOutsideActionRuntimeContext (C:\\Users\\HP\\Music\\Copiolet\\study_sentinel\\node_modules\\@genkit-ai\\core\\src\\action.ts:642:30)\n    at Registry.initializePlugin (C:\\Users\\HP\\Music\\Copiolet\\study_sentinel\\node_modules\\@genkit-ai\\core\\src\\registry.ts:402:20)\n    at Registry.initializeAllPlugins (C:\\Users\\HP\\Music\\Copiolet\\study_sentinel\\node_modules\\@genkit-ai\\core\\src\\registry.ts:324:18)\n    at C:\\Users\\HP\\Music\\Copiolet\\study_sentinel\\node_modules\\@genkit-ai\\core\\src\\action.ts:530:22\n    at actionFn2 (C:\\Users\\HP\\Music\\Copiolet\\study_sentinel\\node_modules\\@genkit-ai\\core\\src\\action.ts:386:17)\n    at runWithContext (C:\\Users\\HP\\Music\\Copiolet\\study_sentinel\\node_modules\\@genkit-ai\\core\\src\\context.ts:43:12)\n    at C:\\Users\\HP\\Music\\Copiolet\\study_sentinel\\node_modules\\@genkit-ai\\core\\src\\action.ts:406:36\n    at C:\\Users\\HP\\Music\\Copiolet\\study_sentinel\\node_modules\\@genkit-ai\\core\\src\\tracing\\instrumentation.ts:73:22\n    at C:\\Users\\HP\\Music\\Copiolet\\study_sentinel\\node_modules\\@genkit-ai\\core\\src\\tracing\\instrumentation.ts:118:17\n    at AsyncLocalStorage.run (node:internal/async_local_storage/async_hooks:91:14)\n    at AsyncStore.run (C:\\Users\\HP\\Music\\Copiolet\\study_sentinel\\node_modules\\@genkit-ai\\core\\src\\registry.ts:473:27)\n    at C:\\Users\\HP\\Music\\Copiolet\\study_sentinel\\node_modules\\@genkit-ai\\core\\src\\tracing\\instrumentation.ts:115:58\n    at AsyncLocalStorage.run (node:internal/async_local_storage/async_hooks:91:14)\n    at AsyncLocalStorageContextManager.with (C:\\Users\\HP\\Music\\Copiolet\\study_sentinel\\node_modules\\@opentelemetry\\context-async-hooks\\src\\AsyncLocalStorageContextManager.ts:40:36)\n    at ContextAPI.with (C:\\Users\\HP\\Music\\Copiolet\\study_sentinel\\node_modules\\@opentelemetry\\api\\src\\api\\context.ts:77:42)\n    at Tracer.startActiveSpan (C:\\Users\\HP\\Music\\Copiolet\\study_sentinel\\node_modules\\@opentelemetry\\sdk-trace-base\\src\\Tracer.ts:241:28)\n    at runInNewSpan (C:\\Users\\HP\\Music\\Copiolet\\study_sentinel\\node_modules\\@genkit-ai\\core\\src\\tracing\\instrumentation.ts:103:23)\n    at newTrace (C:\\Users\\HP\\Music\\Copiolet\\study_sentinel\\node_modules\\@genkit-ai\\core\\src\\tracing\\instrumentation.ts:62:10)\n    at AsyncFunction.actionFn.run (C:\\Users\\HP\\Music\\Copiolet\\study_sentinel\\node_modules\\@genkit-ai\\core\\src\\action.ts:359:22)\n    at actionFn (C:\\Users\\HP\\Music\\Copiolet\\study_sentinel\\node_modules\\@genkit-ai\\core\\src\\action.ts:343:17)\n    at Object.<anonymous> (C:\\Users\\HP\\Music\\Copiolet\\study_sentinel\\src\\ai\\flows\\__tests__\\generate-daily-summary.test.ts:33:5)"],"fullName":"ai/flows/generateDailySummary should provide defaults for both if the response is empty or malformed","invocations":1,"location":null,"numPassingAsserts":0,"retryReasons":[],"startAt":1758111964625,"status":"failed","title":"should provide defaults for both if the response is empty or malformed"}],"endTime":1758111964768,"message":"  ● ai/flows/generateDailySummary › should call generateWithFallback with a correctly formatted prompt\n\n    GenkitError: FAILED_PRECONDITION: Please pass in the API key or set the GEMINI_API_KEY or GOOGLE_API_KEY environment variable.\n    For more details see https://genkit.dev/docs/plugins/google-genai\n\n    \u001b[0m \u001b[90m 31 |\u001b[39m     mockedGenerateWithFallback\u001b[33m.\u001b[39mmockResolvedValue({ text\u001b[33m:\u001b[39m mockResponse })\u001b[33m;\u001b[39m\n     \u001b[90m 32 |\u001b[39m\n    \u001b[31m\u001b[1m>\u001b[22m\u001b[39m\u001b[90m 33 |\u001b[39m     \u001b[36mawait\u001b[39m generateDailySummary(validInput)\u001b[33m;\u001b[39m\n     \u001b[90m    |\u001b[39m     \u001b[31m\u001b[1m^\u001b[22m\u001b[39m\n     \u001b[90m 34 |\u001b[39m\n     \u001b[90m 35 |\u001b[39m     expect(mockedGenerateWithFallback)\u001b[33m.\u001b[39mtoHaveBeenCalledTimes(\u001b[35m1\u001b[39m)\u001b[33m;\u001b[39m\n     \u001b[90m 36 |\u001b[39m     \u001b[36mconst\u001b[39m calledWith \u001b[33m=\u001b[39m mockedGenerateWithFallback\u001b[33m.\u001b[39mmock\u001b[33m.\u001b[39mcalls[\u001b[35m0\u001b[39m][\u001b[35m0\u001b[39m]\u001b[33m;\u001b[39m\u001b[0m\n\n      at defineGoogleAIModel (node_modules/@genkit-ai/googleai/src/gemini.ts:949:13)\n      at node_modules/@genkit-ai/googleai/src/index.ts:137:7\n          at Array.forEach (<anonymous>)\n      at initializer (node_modules/@genkit-ai/googleai/src/index.ts:136:39)\n      at node_modules/@genkit-ai/googleai/src/index.ts:332:33\n      at Object.initializer (node_modules/genkit/src/plugin.ts:50:13)\n      at Object.initializer (node_modules/genkit/src/genkit.ts:920:30)\n      at Object.initializer (node_modules/@genkit-ai/core/src/registry.ts:345:29)\n      at node_modules/@genkit-ai/core/src/registry.ts:403:34\n      at AsyncStore.run (node_modules/@genkit-ai/core/src/registry.ts:473:27)\n      at runOutsideActionRuntimeContext (node_modules/@genkit-ai/core/src/action.ts:642:30)\n      at Registry.initializePlugin (node_modules/@genkit-ai/core/src/registry.ts:402:20)\n      at Registry.initializeAllPlugins (node_modules/@genkit-ai/core/src/registry.ts:324:18)\n      at node_modules/@genkit-ai/core/src/action.ts:530:22\n      at actionFn2 (node_modules/@genkit-ai/core/src/action.ts:386:17)\n      at runWithContext (node_modules/@genkit-ai/core/src/context.ts:43:12)\n      at node_modules/@genkit-ai/core/src/action.ts:406:36\n      at node_modules/@genkit-ai/core/src/tracing/instrumentation.ts:73:22\n      at node_modules/@genkit-ai/core/src/tracing/instrumentation.ts:118:17\n      at AsyncStore.run (node_modules/@genkit-ai/core/src/registry.ts:473:27)\n      at node_modules/@genkit-ai/core/src/tracing/instrumentation.ts:115:58\n      at AsyncLocalStorageContextManager.with (node_modules/@opentelemetry/context-async-hooks/src/AsyncLocalStorageContextManager.ts:40:36)\n      at ContextAPI.with (node_modules/@opentelemetry/api/src/api/context.ts:77:42)\n      at Tracer.startActiveSpan (node_modules/@opentelemetry/sdk-trace-base/src/Tracer.ts:241:28)\n      at runInNewSpan (node_modules/@genkit-ai/core/src/tracing/instrumentation.ts:103:23)\n      at newTrace (node_modules/@genkit-ai/core/src/tracing/instrumentation.ts:62:10)\n      at AsyncFunction.actionFn.run (node_modules/@genkit-ai/core/src/action.ts:359:22)\n      at actionFn (node_modules/@genkit-ai/core/src/action.ts:343:17)\n      at Object.<anonymous> (src/ai/flows/__tests__/generate-daily-summary.test.ts:33:5)\n\n  ● ai/flows/generateDailySummary › should correctly parse a well-formatted response\n\n    GenkitError: FAILED_PRECONDITION: Please pass in the API key or set the GEMINI_API_KEY or GOOGLE_API_KEY environment variable.\n    For more details see https://genkit.dev/docs/plugins/google-genai\n\n    \u001b[0m \u001b[90m 31 |\u001b[39m     mockedGenerateWithFallback\u001b[33m.\u001b[39mmockResolvedValue({ text\u001b[33m:\u001b[39m mockResponse })\u001b[33m;\u001b[39m\n     \u001b[90m 32 |\u001b[39m\n    \u001b[31m\u001b[1m>\u001b[22m\u001b[39m\u001b[90m 33 |\u001b[39m     \u001b[36mawait\u001b[39m generateDailySummary(validInput)\u001b[33m;\u001b[39m\n     \u001b[90m    |\u001b[39m     \u001b[31m\u001b[1m^\u001b[22m\u001b[39m\n     \u001b[90m 34 |\u001b[39m\n     \u001b[90m 35 |\u001b[39m     expect(mockedGenerateWithFallback)\u001b[33m.\u001b[39mtoHaveBeenCalledTimes(\u001b[35m1\u001b[39m)\u001b[33m;\u001b[39m\n     \u001b[90m 36 |\u001b[39m     \u001b[36mconst\u001b[39m calledWith \u001b[33m=\u001b[39m mockedGenerateWithFallback\u001b[33m.\u001b[39mmock\u001b[33m.\u001b[39mcalls[\u001b[35m0\u001b[39m][\u001b[35m0\u001b[39m]\u001b[33m;\u001b[39m\u001b[0m\n\n      at defineGoogleAIModel (node_modules/@genkit-ai/googleai/src/gemini.ts:949:13)\n      at node_modules/@genkit-ai/googleai/src/index.ts:137:7\n          at Array.forEach (<anonymous>)\n      at initializer (node_modules/@genkit-ai/googleai/src/index.ts:136:39)\n      at node_modules/@genkit-ai/googleai/src/index.ts:332:33\n      at Object.initializer (node_modules/genkit/src/plugin.ts:50:13)\n      at Object.initializer (node_modules/genkit/src/genkit.ts:920:30)\n      at Object.initializer (node_modules/@genkit-ai/core/src/registry.ts:345:29)\n      at node_modules/@genkit-ai/core/src/registry.ts:403:34\n      at AsyncStore.run (node_modules/@genkit-ai/core/src/registry.ts:473:27)\n      at runOutsideActionRuntimeContext (node_modules/@genkit-ai/core/src/action.ts:642:30)\n      at Registry.initializePlugin (node_modules/@genkit-ai/core/src/registry.ts:402:20)\n      at Registry.initializeAllPlugins (node_modules/@genkit-ai/core/src/registry.ts:324:18)\n      at node_modules/@genkit-ai/core/src/action.ts:530:22\n      at actionFn2 (node_modules/@genkit-ai/core/src/action.ts:386:17)\n      at runWithContext (node_modules/@genkit-ai/core/src/context.ts:43:12)\n      at node_modules/@genkit-ai/core/src/action.ts:406:36\n      at node_modules/@genkit-ai/core/src/tracing/instrumentation.ts:73:22\n      at node_modules/@genkit-ai/core/src/tracing/instrumentation.ts:118:17\n      at AsyncStore.run (node_modules/@genkit-ai/core/src/registry.ts:473:27)\n      at node_modules/@genkit-ai/core/src/tracing/instrumentation.ts:115:58\n      at AsyncLocalStorageContextManager.with (node_modules/@opentelemetry/context-async-hooks/src/AsyncLocalStorageContextManager.ts:40:36)\n      at ContextAPI.with (node_modules/@opentelemetry/api/src/api/context.ts:77:42)\n      at Tracer.startActiveSpan (node_modules/@opentelemetry/sdk-trace-base/src/Tracer.ts:241:28)\n      at runInNewSpan (node_modules/@genkit-ai/core/src/tracing/instrumentation.ts:103:23)\n      at newTrace (node_modules/@genkit-ai/core/src/tracing/instrumentation.ts:62:10)\n      at AsyncFunction.actionFn.run (node_modules/@genkit-ai/core/src/action.ts:359:22)\n      at actionFn (node_modules/@genkit-ai/core/src/action.ts:343:17)\n      at Object.<anonymous> (src/ai/flows/__tests__/generate-daily-summary.test.ts:33:5)\n\n  ● ai/flows/generateDailySummary › should handle extra whitespace in the response\n\n    GenkitError: FAILED_PRECONDITION: Please pass in the API key or set the GEMINI_API_KEY or GOOGLE_API_KEY environment variable.\n    For more details see https://genkit.dev/docs/plugins/google-genai\n\n    \u001b[0m \u001b[90m 31 |\u001b[39m     mockedGenerateWithFallback\u001b[33m.\u001b[39mmockResolvedValue({ text\u001b[33m:\u001b[39m mockResponse })\u001b[33m;\u001b[39m\n     \u001b[90m 32 |\u001b[39m\n    \u001b[31m\u001b[1m>\u001b[22m\u001b[39m\u001b[90m 33 |\u001b[39m     \u001b[36mawait\u001b[39m generateDailySummary(validInput)\u001b[33m;\u001b[39m\n     \u001b[90m    |\u001b[39m     \u001b[31m\u001b[1m^\u001b[22m\u001b[39m\n     \u001b[90m 34 |\u001b[39m\n     \u001b[90m 35 |\u001b[39m     expect(mockedGenerateWithFallback)\u001b[33m.\u001b[39mtoHaveBeenCalledTimes(\u001b[35m1\u001b[39m)\u001b[33m;\u001b[39m\n     \u001b[90m 36 |\u001b[39m     \u001b[36mconst\u001b[39m calledWith \u001b[33m=\u001b[39m mockedGenerateWithFallback\u001b[33m.\u001b[39mmock\u001b[33m.\u001b[39mcalls[\u001b[35m0\u001b[39m][\u001b[35m0\u001b[39m]\u001b[33m;\u001b[39m\u001b[0m\n\n      at defineGoogleAIModel (node_modules/@genkit-ai/googleai/src/gemini.ts:949:13)\n      at node_modules/@genkit-ai/googleai/src/index.ts:137:7\n          at Array.forEach (<anonymous>)\n      at initializer (node_modules/@genkit-ai/googleai/src/index.ts:136:39)\n      at node_modules/@genkit-ai/googleai/src/index.ts:332:33\n      at Object.initializer (node_modules/genkit/src/plugin.ts:50:13)\n      at Object.initializer (node_modules/genkit/src/genkit.ts:920:30)\n      at Object.initializer (node_modules/@genkit-ai/core/src/registry.ts:345:29)\n      at node_modules/@genkit-ai/core/src/registry.ts:403:34\n      at AsyncStore.run (node_modules/@genkit-ai/core/src/registry.ts:473:27)\n      at runOutsideActionRuntimeContext (node_modules/@genkit-ai/core/src/action.ts:642:30)\n      at Registry.initializePlugin (node_modules/@genkit-ai/core/src/registry.ts:402:20)\n      at Registry.initializeAllPlugins (node_modules/@genkit-ai/core/src/registry.ts:324:18)\n      at node_modules/@genkit-ai/core/src/action.ts:530:22\n      at actionFn2 (node_modules/@genkit-ai/core/src/action.ts:386:17)\n      at runWithContext (node_modules/@genkit-ai/core/src/context.ts:43:12)\n      at node_modules/@genkit-ai/core/src/action.ts:406:36\n      at node_modules/@genkit-ai/core/src/tracing/instrumentation.ts:73:22\n      at node_modules/@genkit-ai/core/src/tracing/instrumentation.ts:118:17\n      at AsyncStore.run (node_modules/@genkit-ai/core/src/registry.ts:473:27)\n      at node_modules/@genkit-ai/core/src/tracing/instrumentation.ts:115:58\n      at AsyncLocalStorageContextManager.with (node_modules/@opentelemetry/context-async-hooks/src/AsyncLocalStorageContextManager.ts:40:36)\n      at ContextAPI.with (node_modules/@opentelemetry/api/src/api/context.ts:77:42)\n      at Tracer.startActiveSpan (node_modules/@opentelemetry/sdk-trace-base/src/Tracer.ts:241:28)\n      at runInNewSpan (node_modules/@genkit-ai/core/src/tracing/instrumentation.ts:103:23)\n      at newTrace (node_modules/@genkit-ai/core/src/tracing/instrumentation.ts:62:10)\n      at AsyncFunction.actionFn.run (node_modules/@genkit-ai/core/src/action.ts:359:22)\n      at actionFn (node_modules/@genkit-ai/core/src/action.ts:343:17)\n      at Object.<anonymous> (src/ai/flows/__tests__/generate-daily-summary.test.ts:33:5)\n\n  ● ai/flows/generateDailySummary › should provide a default evaluation if the keyword is missing\n\n    GenkitError: FAILED_PRECONDITION: Please pass in the API key or set the GEMINI_API_KEY or GOOGLE_API_KEY environment variable.\n    For more details see https://genkit.dev/docs/plugins/google-genai\n\n    \u001b[0m \u001b[90m 31 |\u001b[39m     mockedGenerateWithFallback\u001b[33m.\u001b[39mmockResolvedValue({ text\u001b[33m:\u001b[39m mockResponse })\u001b[33m;\u001b[39m\n     \u001b[90m 32 |\u001b[39m\n    \u001b[31m\u001b[1m>\u001b[22m\u001b[39m\u001b[90m 33 |\u001b[39m     \u001b[36mawait\u001b[39m generateDailySummary(validInput)\u001b[33m;\u001b[39m\n     \u001b[90m    |\u001b[39m     \u001b[31m\u001b[1m^\u001b[22m\u001b[39m\n     \u001b[90m 34 |\u001b[39m\n     \u001b[90m 35 |\u001b[39m     expect(mockedGenerateWithFallback)\u001b[33m.\u001b[39mtoHaveBeenCalledTimes(\u001b[35m1\u001b[39m)\u001b[33m;\u001b[39m\n     \u001b[90m 36 |\u001b[39m     \u001b[36mconst\u001b[39m calledWith \u001b[33m=\u001b[39m mockedGenerateWithFallback\u001b[33m.\u001b[39mmock\u001b[33m.\u001b[39mcalls[\u001b[35m0\u001b[39m][\u001b[35m0\u001b[39m]\u001b[33m;\u001b[39m\u001b[0m\n\n      at defineGoogleAIModel (node_modules/@genkit-ai/googleai/src/gemini.ts:949:13)\n      at node_modules/@genkit-ai/googleai/src/index.ts:137:7\n          at Array.forEach (<anonymous>)\n      at initializer (node_modules/@genkit-ai/googleai/src/index.ts:136:39)\n      at node_modules/@genkit-ai/googleai/src/index.ts:332:33\n      at Object.initializer (node_modules/genkit/src/plugin.ts:50:13)\n      at Object.initializer (node_modules/genkit/src/genkit.ts:920:30)\n      at Object.initializer (node_modules/@genkit-ai/core/src/registry.ts:345:29)\n      at node_modules/@genkit-ai/core/src/registry.ts:403:34\n      at AsyncStore.run (node_modules/@genkit-ai/core/src/registry.ts:473:27)\n      at runOutsideActionRuntimeContext (node_modules/@genkit-ai/core/src/action.ts:642:30)\n      at Registry.initializePlugin (node_modules/@genkit-ai/core/src/registry.ts:402:20)\n      at Registry.initializeAllPlugins (node_modules/@genkit-ai/core/src/registry.ts:324:18)\n      at node_modules/@genkit-ai/core/src/action.ts:530:22\n      at actionFn2 (node_modules/@genkit-ai/core/src/action.ts:386:17)\n      at runWithContext (node_modules/@genkit-ai/core/src/context.ts:43:12)\n      at node_modules/@genkit-ai/core/src/action.ts:406:36\n      at node_modules/@genkit-ai/core/src/tracing/instrumentation.ts:73:22\n      at node_modules/@genkit-ai/core/src/tracing/instrumentation.ts:118:17\n      at AsyncStore.run (node_modules/@genkit-ai/core/src/registry.ts:473:27)\n      at node_modules/@genkit-ai/core/src/tracing/instrumentation.ts:115:58\n      at AsyncLocalStorageContextManager.with (node_modules/@opentelemetry/context-async-hooks/src/AsyncLocalStorageContextManager.ts:40:36)\n      at ContextAPI.with (node_modules/@opentelemetry/api/src/api/context.ts:77:42)\n      at Tracer.startActiveSpan (node_modules/@opentelemetry/sdk-trace-base/src/Tracer.ts:241:28)\n      at runInNewSpan (node_modules/@genkit-ai/core/src/tracing/instrumentation.ts:103:23)\n      at newTrace (node_modules/@genkit-ai/core/src/tracing/instrumentation.ts:62:10)\n      at AsyncFunction.actionFn.run (node_modules/@genkit-ai/core/src/action.ts:359:22)\n      at actionFn (node_modules/@genkit-ai/core/src/action.ts:343:17)\n      at Object.<anonymous> (src/ai/flows/__tests__/generate-daily-summary.test.ts:33:5)\n\n  ● ai/flows/generateDailySummary › should provide a default motivation if the keyword is missing\n\n    GenkitError: FAILED_PRECONDITION: Please pass in the API key or set the GEMINI_API_KEY or GOOGLE_API_KEY environment variable.\n    For more details see https://genkit.dev/docs/plugins/google-genai\n\n    \u001b[0m \u001b[90m 31 |\u001b[39m     mockedGenerateWithFallback\u001b[33m.\u001b[39mmockResolvedValue({ text\u001b[33m:\u001b[39m mockResponse })\u001b[33m;\u001b[39m\n     \u001b[90m 32 |\u001b[39m\n    \u001b[31m\u001b[1m>\u001b[22m\u001b[39m\u001b[90m 33 |\u001b[39m     \u001b[36mawait\u001b[39m generateDailySummary(validInput)\u001b[33m;\u001b[39m\n     \u001b[90m    |\u001b[39m     \u001b[31m\u001b[1m^\u001b[22m\u001b[39m\n     \u001b[90m 34 |\u001b[39m\n     \u001b[90m 35 |\u001b[39m     expect(mockedGenerateWithFallback)\u001b[33m.\u001b[39mtoHaveBeenCalledTimes(\u001b[35m1\u001b[39m)\u001b[33m;\u001b[39m\n     \u001b[90m 36 |\u001b[39m     \u001b[36mconst\u001b[39m calledWith \u001b[33m=\u001b[39m mockedGenerateWithFallback\u001b[33m.\u001b[39mmock\u001b[33m.\u001b[39mcalls[\u001b[35m0\u001b[39m][\u001b[35m0\u001b[39m]\u001b[33m;\u001b[39m\u001b[0m\n\n      at defineGoogleAIModel (node_modules/@genkit-ai/googleai/src/gemini.ts:949:13)\n      at node_modules/@genkit-ai/googleai/src/index.ts:137:7\n          at Array.forEach (<anonymous>)\n      at initializer (node_modules/@genkit-ai/googleai/src/index.ts:136:39)\n      at node_modules/@genkit-ai/googleai/src/index.ts:332:33\n      at Object.initializer (node_modules/genkit/src/plugin.ts:50:13)\n      at Object.initializer (node_modules/genkit/src/genkit.ts:920:30)\n      at Object.initializer (node_modules/@genkit-ai/core/src/registry.ts:345:29)\n      at node_modules/@genkit-ai/core/src/registry.ts:403:34\n      at AsyncStore.run (node_modules/@genkit-ai/core/src/registry.ts:473:27)\n      at runOutsideActionRuntimeContext (node_modules/@genkit-ai/core/src/action.ts:642:30)\n      at Registry.initializePlugin (node_modules/@genkit-ai/core/src/registry.ts:402:20)\n      at Registry.initializeAllPlugins (node_modules/@genkit-ai/core/src/registry.ts:324:18)\n      at node_modules/@genkit-ai/core/src/action.ts:530:22\n      at actionFn2 (node_modules/@genkit-ai/core/src/action.ts:386:17)\n      at runWithContext (node_modules/@genkit-ai/core/src/context.ts:43:12)\n      at node_modules/@genkit-ai/core/src/action.ts:406:36\n      at node_modules/@genkit-ai/core/src/tracing/instrumentation.ts:73:22\n      at node_modules/@genkit-ai/core/src/tracing/instrumentation.ts:118:17\n      at AsyncStore.run (node_modules/@genkit-ai/core/src/registry.ts:473:27)\n      at node_modules/@genkit-ai/core/src/tracing/instrumentation.ts:115:58\n      at AsyncLocalStorageContextManager.with (node_modules/@opentelemetry/context-async-hooks/src/AsyncLocalStorageContextManager.ts:40:36)\n      at ContextAPI.with (node_modules/@opentelemetry/api/src/api/context.ts:77:42)\n      at Tracer.startActiveSpan (node_modules/@opentelemetry/sdk-trace-base/src/Tracer.ts:241:28)\n      at runInNewSpan (node_modules/@genkit-ai/core/src/tracing/instrumentation.ts:103:23)\n      at newTrace (node_modules/@genkit-ai/core/src/tracing/instrumentation.ts:62:10)\n      at AsyncFunction.actionFn.run (node_modules/@genkit-ai/core/src/action.ts:359:22)\n      at actionFn (node_modules/@genkit-ai/core/src/action.ts:343:17)\n      at Object.<anonymous> (src/ai/flows/__tests__/generate-daily-summary.test.ts:33:5)\n\n  ● ai/flows/generateDailySummary › should provide defaults for both if the response is empty or malformed\n\n    GenkitError: FAILED_PRECONDITION: Please pass in the API key or set the GEMINI_API_KEY or GOOGLE_API_KEY environment variable.\n    For more details see https://genkit.dev/docs/plugins/google-genai\n\n    \u001b[0m \u001b[90m 31 |\u001b[39m     mockedGenerateWithFallback\u001b[33m.\u001b[39mmockResolvedValue({ text\u001b[33m:\u001b[39m mockResponse })\u001b[33m;\u001b[39m\n     \u001b[90m 32 |\u001b[39m\n    \u001b[31m\u001b[1m>\u001b[22m\u001b[39m\u001b[90m 33 |\u001b[39m     \u001b[36mawait\u001b[39m generateDailySummary(validInput)\u001b[33m;\u001b[39m\n     \u001b[90m    |\u001b[39m     \u001b[31m\u001b[1m^\u001b[22m\u001b[39m\n     \u001b[90m 34 |\u001b[39m\n     \u001b[90m 35 |\u001b[39m     expect(mockedGenerateWithFallback)\u001b[33m.\u001b[39mtoHaveBeenCalledTimes(\u001b[35m1\u001b[39m)\u001b[33m;\u001b[39m\n     \u001b[90m 36 |\u001b[39m     \u001b[36mconst\u001b[39m calledWith \u001b[33m=\u001b[39m mockedGenerateWithFallback\u001b[33m.\u001b[39mmock\u001b[33m.\u001b[39mcalls[\u001b[35m0\u001b[39m][\u001b[35m0\u001b[39m]\u001b[33m;\u001b[39m\u001b[0m\n\n      at defineGoogleAIModel (node_modules/@genkit-ai/googleai/src/gemini.ts:949:13)\n      at node_modules/@genkit-ai/googleai/src/index.ts:137:7\n          at Array.forEach (<anonymous>)\n      at initializer (node_modules/@genkit-ai/googleai/src/index.ts:136:39)\n      at node_modules/@genkit-ai/googleai/src/index.ts:332:33\n      at Object.initializer (node_modules/genkit/src/plugin.ts:50:13)\n      at Object.initializer (node_modules/genkit/src/genkit.ts:920:30)\n      at Object.initializer (node_modules/@genkit-ai/core/src/registry.ts:345:29)\n      at node_modules/@genkit-ai/core/src/registry.ts:403:34\n      at AsyncStore.run (node_modules/@genkit-ai/core/src/registry.ts:473:27)\n      at runOutsideActionRuntimeContext (node_modules/@genkit-ai/core/src/action.ts:642:30)\n      at Registry.initializePlugin (node_modules/@genkit-ai/core/src/registry.ts:402:20)\n      at Registry.initializeAllPlugins (node_modules/@genkit-ai/core/src/registry.ts:324:18)\n      at node_modules/@genkit-ai/core/src/action.ts:530:22\n      at actionFn2 (node_modules/@genkit-ai/core/src/action.ts:386:17)\n      at runWithContext (node_modules/@genkit-ai/core/src/context.ts:43:12)\n      at node_modules/@genkit-ai/core/src/action.ts:406:36\n      at node_modules/@genkit-ai/core/src/tracing/instrumentation.ts:73:22\n      at node_modules/@genkit-ai/core/src/tracing/instrumentation.ts:118:17\n      at AsyncStore.run (node_modules/@genkit-ai/core/src/registry.ts:473:27)\n      at node_modules/@genkit-ai/core/src/tracing/instrumentation.ts:115:58\n      at AsyncLocalStorageContextManager.with (node_modules/@opentelemetry/context-async-hooks/src/AsyncLocalStorageContextManager.ts:40:36)\n      at ContextAPI.with (node_modules/@opentelemetry/api/src/api/context.ts:77:42)\n      at Tracer.startActiveSpan (node_modules/@opentelemetry/sdk-trace-base/src/Tracer.ts:241:28)\n      at runInNewSpan (node_modules/@genkit-ai/core/src/tracing/instrumentation.ts:103:23)\n      at newTrace (node_modules/@genkit-ai/core/src/tracing/instrumentation.ts:62:10)\n      at AsyncFunction.actionFn.run (node_modules/@genkit-ai/core/src/action.ts:359:22)\n      at actionFn (node_modules/@genkit-ai/core/src/action.ts:343:17)\n      at Object.<anonymous> (src/ai/flows/__tests__/generate-daily-summary.test.ts:33:5)\n","name":"C:\\Users\\HP\\Music\\Copiolet\\study_sentinel\\src\\ai\\flows\\__tests__\\generate-daily-summary.test.ts","startTime":1758111961364,"status":"failed","summary":""},{"assertionResults":[{"ancestorTitles":["StatsPage"],"duration":52,"failing":false,"failureDetails":[],"failureMessages":[],"fullName":"StatsPage should show loading skeletons when global state is not loaded","invocations":1,"location":null,"numPassingAsserts":1,"retryReasons":[],"startAt":1758111965958,"status":"passed","title":"should show loading skeletons when global state is not loaded"},{"ancestorTitles":["StatsPage"],"duration":97,"failing":false,"failureDetails":[],"failureMessages":[],"fullName":"StatsPage should handle empty stats gracefully","invocations":1,"location":null,"numPassingAsserts":2,"retryReasons":[],"startAt":1758111966011,"status":"passed","title":"should handle empty stats gracefully"},{"ancestorTitles":["StatsPage","\"Today\" View"],"duration":25,"failing":false,"failureDetails":[],"failureMessages":[],"fullName":"StatsPage \"Today\" View should render the correct components","invocations":1,"location":null,"numPassingAsserts":4,"retryReasons":[],"startAt":1758111966109,"status":"passed","title":"should render the correct components"},{"ancestorTitles":["StatsPage","\"Today\" View"],"duration":148,"failing":false,"failureDetails":[],"failureMessages":[],"fullName":"StatsPage \"Today\" View should handle date changes via calendar","invocations":1,"location":null,"numPassingAsserts":1,"retryReasons":[],"startAt":1758111966134,"status":"passed","title":"should handle date changes via calendar"},{"ancestorTitles":["StatsPage","\"Today\" View","Date Navigation"],"duration":36,"failing":false,"failureDetails":[{"name":"TestingLibraryElementError"}],"failureMessages":["TestingLibraryElementError: Unable to find an element by: [data-testid=\"chevron-left-icon\"]\n\nIgnored nodes: comments, script, style\n\u001b[36m<body>\u001b[39m\n  \u001b[36m<div>\u001b[39m\n    \u001b[36m<div\u001b[39m\n      \u001b[33mclass\u001b[39m=\u001b[32m\"flex flex-col h-full\"\u001b[39m\n    \u001b[36m>\u001b[39m\n      \u001b[36m<header\u001b[39m\n        \u001b[33mclass\u001b[39m=\u001b[32m\"p-4 border-b\"\u001b[39m\n      \u001b[36m>\u001b[39m\n        \u001b[36m<h1\u001b[39m\n          \u001b[33mclass\u001b[39m=\u001b[32m\"text-3xl font-bold text-primary\"\u001b[39m\n        \u001b[36m>\u001b[39m\n          \u001b[0mYour Progress & Stats\u001b[0m\n        \u001b[36m</h1>\u001b[39m\n        \u001b[36m<p\u001b[39m\n          \u001b[33mclass\u001b[39m=\u001b[32m\"text-muted-foreground\"\u001b[39m\n        \u001b[36m>\u001b[39m\n          \u001b[0mTrack your achievements and study habits.\u001b[0m\n        \u001b[36m</p>\u001b[39m\n      \u001b[36m</header>\u001b[39m\n      \u001b[36m<main\u001b[39m\n        \u001b[33mclass\u001b[39m=\u001b[32m\"flex-1 p-2 sm:p-4 overflow-y-auto space-y-6\"\u001b[39m\n      \u001b[36m>\u001b[39m\n        \u001b[36m<div\u001b[39m\n          \u001b[33mclass\u001b[39m=\u001b[32m\"w-full\"\u001b[39m\n        \u001b[36m>\u001b[39m\n          \u001b[36m<div\u001b[39m\n            \u001b[33mclass\u001b[39m=\u001b[32m\"h-10 items-center justify-center rounded-md bg-muted p-1 text-muted-foreground flex w-full overflow-x-auto sm:grid sm:grid-cols-4\"\u001b[39m\n          \u001b[36m>\u001b[39m\n            \u001b[36m<button\u001b[39m\n              \u001b[33mclass\u001b[39m=\u001b[32m\"inline-flex items-center justify-center whitespace-nowrap rounded-sm px-3 py-1.5 text-sm font-medium ring-offset-background transition-all focus-visible:outline-none focus-visible:ring-2 focus-visible:ring-ring focus-visible:ring-offset-2 disabled:pointer-events-none disabled:opacity-50 data-[state=active]:bg-background data-[state=active]:text-foreground data-[state=active]:shadow-sm\"\u001b[39m\n              \u001b[33mdata-state\u001b[39m=\u001b[32m\"active\"\u001b[39m\n              \u001b[33mrole\u001b[39m=\u001b[32m\"tab\"\u001b[39m\n            \u001b[36m>\u001b[39m\n              \u001b[0mToday\u001b[0m\n            \u001b[36m</button>\u001b[39m\n            \u001b[36m<button\u001b[39m\n              \u001b[33mclass\u001b[39m=\u001b[32m\"inline-flex items-center justify-center whitespace-nowrap rounded-sm px-3 py-1.5 text-sm font-medium ring-offset-background transition-all focus-visible:outline-none focus-visible:ring-2 focus-visible:ring-ring focus-visible:ring-offset-2 disabled:pointer-events-none disabled:opacity-50 data-[state=active]:bg-background data-[state=active]:text-foreground data-[state=active]:shadow-sm\"\u001b[39m\n              \u001b[33mdata-state\u001b[39m=\u001b[32m\"inactive\"\u001b[39m\n              \u001b[33mrole\u001b[39m=\u001b[32m\"tab\"\u001b[39m\n            \u001b[36m>\u001b[39m\n              \u001b[0mLast 7 Days\u001b[0m\n            \u001b[36m</button>\u001b[39m\n            \u001b[36m<button\u001b[39m\n              \u001b[33mclass\u001b[39m=\u001b[32m\"inline-flex items-center justify-center whitespace-nowrap rounded-sm px-3 py-1.5 text-sm font-medium ring-offset-background transition-all focus-visible:outline-none focus-visible:ring-2 focus-visible:ring-ring focus-visible:ring-offset-2 disabled:pointer-events-none disabled:opacity-50 data-[state=active]:bg-background data-[state=active]:text-foreground data-[state=active]:shadow-sm\"\u001b[39m\n              \u001b[33mdata-state\u001b[39m=\u001b[32m\"inactive\"\u001b[39m\n              \u001b[33mrole\u001b[39m=\u001b[32m\"tab\"\u001b[39m\n            \u001b[36m>\u001b[39m\n              \u001b[0mLast 30 Days\u001b[0m\n            \u001b[36m</button>\u001b[39m\n            \u001b[36m<button\u001b[39m\n              \u001b[33mclass\u001b[39m=\u001b[32m\"inline-flex items-center justify-center whitespace-nowrap rounded-sm px-3 py-1.5 text-sm font-medium ring-offset-background transition-all focus-visible:outline-none focus-visible:ring-2 focus-visible:ring-ring focus-visible:ring-offset-2 disabled:pointer-events-none disabled:opacity-50 data-[state=active]:bg-background data-[state=active]:text-foreground data-[state=active]:shadow-sm\"\u001b[39m\n              \u001b[33mdata-state\u001b[39m=\u001b[32m\"inactive\"\u001b[39m\n              \u001b[33mrole\u001b[39m=\u001b[32m\"tab\"\u001b[39m\n            \u001b[36m>\u001b[39m\n              \u001b[0mOverall\u001b[0m\n            \u001b[36m</button>\u001b[39m\n          \u001b[36m</div>\u001b[39m\n          \u001b[36m<div\u001b[39m\n            \u001b[33mclass\u001b[39m=\u001b[32m\"ring-offset-background focus-visible:outline-none focus-visible:ring-2 focus-visible:ring-ring focus-visible:ring-offset-2 mt-6 space-y-6\"\u001b[39m\n            \u001b[33mvalue\u001b[39m=\u001b[32m\"daily\"\u001b[39m\n          \u001b[36m>\u001b[39m\n            \u001b[36m<div\u001b[39m\n              \u001b[33mclass\u001b[39m=\u001b[32m\"flex items-center justify-center gap-2 mb-4\"\u001b[39m\n            \u001b[36m>\u001b[39m\n              \u001b[36m<button\u001b[39m\n                \u001b[33mclass\u001b[39m=\u001b[32m\"inline-flex items-center justify-center gap-2 whitespace-nowrap rounded-md text-sm font-medium ring-offset-background transition-all focus-visible:outline-none focus-visible:ring-2 focus-visible:ring-ring focus-visible:ring-offset-2 disabled:pointer-events-none disabled:opacity-50 active:scale-95 hover:bg-accent hover:text-accent-foreground h-10 w-10\"\u001b[39m\n              \u001b[36m>\u001b[39m\n                \u001b[36m<div\u001b[39m\n                  \u001b[33mclass\u001b[39m=\u001b[32m\"h-5 w-5\"\u001b[39m\n                  \u001b[33mdata-testid\u001b[39m=\u001b[32m\"chevro-eft-icon\"\u001b[39m\n                \u001b[36m/>\u001b[39m\n              \u001b[36m</button>\u001b[39m\n              \u001b[36m<button\u001b[39m\n                \u001b[33maria-controls\u001b[39m=\u001b[32m\"radix-:r4:\"\u001b[39m\n                \u001b[33maria-expanded\u001b[39m=\u001b[32m\"false\"\u001b[39m\n                \u001b[33maria-haspopup\u001b[39m=\u001b[32m\"dialog\"\u001b[39m\n                \u001b[33mclass\u001b[39m=\u001b[32m\"inline-flex items-center gap-2 whitespace-nowrap rounded-md ring-offset-background transition-all focus-visible:outline-none focus-visible:ring-2 focus-visible:ring-ring focus-visible:ring-offset-2 disabled:pointer-events-none disabled:opacity-50 active:scale-95 border border-input bg-background hover:bg-accent hover:text-accent-foreground h-10 px-4 py-2 text-base font-semibold w-40 sm:w-48 justify-center\"\u001b[39m\n                \u001b[33mdata-state\u001b[39m=\u001b[32m\"closed\"\u001b[39m\n                \u001b[33mtype\u001b[39m=\u001b[32m\"button\"\u001b[39m\n              \u001b[36m>\u001b[39m\n                \u001b[36m<div\u001b[39m\n                  \u001b[33mclass\u001b[39m=\u001b[32m\"mr-2 h-4 w-4\"\u001b[39m\n                  \u001b[33mdata-testid\u001b[39m=\u001b[32m\"calendar-icon\"\u001b[39m\n                \u001b[36m/>\u001b[39m\n                \u001b[0mToday\u001b[0m\n              \u001b[36m</button>\u001b[39m\n              \u001b[36m<button\u001b[39m\n                \u001b[33mclass\u001b[39m=\u001b[32m\"inline-flex items-center justify-center gap-2 whitespace-nowrap rounded-md text-sm font-medium ring-offset-background transition-all focus-visible:outline-none focus-visible:ring-2 focus-visible:ring-ring focus-visible:ring-offset-2 disabled:pointer-events-none disabled:opacity-50 active:scale-95 hover:bg-accent hover:text-accent-foreground h-10 w-10\"\u001b[39m\n              \u001b[36m>\u001b[39m\n                \u001b[36m<div\u001b[39m\n                  \u001b[33mclass\u001b[39m=\u001b[32m\"h-5 w-5\"\u001b[39m\n                  \u001b[33mdata-testid\u001b[39m=\u001b[32m\"chevro-ight-icon\"\u001b[39m\n                \u001b[36m/>\u001b[39m\n              \u001b[36m</button>\u001b[39m\n            \u001b[36m</div>\u001b[39m\n            \u001b[36m<div\u001b[39m\n              \u001b[33mdata-testid\u001b[39m=\u001b[32m\"performance-coach\"\u001b[39m\n            \u001b[36m>\u001b[39m\n              \u001b[36m<div\u001b[39m\n                \u001b[33mdata-testid\u001b[39m=\u001b[32m\"skeleton\"\u001b[39m\n                \u001b[33mrole\u001b[39m=\u001b[32m\"status\"\u001b[39m\n              \u001b[36m/>\u001b[39m\n            \u001b[36m</div>\u001b[39m\n            \u001b[36m<div\u001b[39m\n              \u001b[33mclass\u001b[39m=\u001b[32m\"grid grid-cols-1 lg:grid-cols-2 gap-4\"\u001b[39m\n            \u001b[36m>\u001b[39m\n              \u001b[36m<div\u001b[39m\n       
[...]
retryReasons":[],"startAt":1758112058088,"status":"passed","title":"should add a new event"},{"ancestorTitles":["useCalendarEvents"],"duration":4,"failing":false,"failureDetails":[],"failureMessages":[],"fullName":"useCalendarEvents should update an existing event","invocations":1,"location":null,"numPassingAsserts":3,"retryReasons":[],"startAt":1758112058092,"status":"passed","title":"should update an existing event"},{"ancestorTitles":["useCalendarEvents"],"duration":3,"failing":false,"failureDetails":[],"failureMessages":[],"fullName":"useCalendarEvents should delete an event","invocations":1,"location":null,"numPassingAsserts":3,"retryReasons":[],"startAt":1758112058096,"status":"passed","title":"should delete an event"},{"ancestorTitles":["useCalendarEvents"],"duration":4,"failing":false,"failureDetails":[],"failureMessages":[],"fullName":"useCalendarEvents should handle errors when saving to localStorage","invocations":1,"location":null,"numPassingAsserts":1,"retryReasons":[],"startAt":1758112058101,"status":"passed","title":"should handle errors when saving to localStorage"}],"endTime":1758112058106,"message":"","name":"C:\\Users\\HP\\Music\\Copiolet\\study_sentinel\\src\\hooks\\__tests__\\use-calendar-events.test.ts","startTime":1758112057541,"status":"passed","summary":""},{"assertionResults":[{"ancestorTitles":["useMediaQuery"],"duration":11,"failing":false,"failureDetails":[],"failureMessages":[],"fullName":"useMediaQuery should return true when the media query matches","invocations":1,"location":null,"numPassingAsserts":1,"retryReasons":[],"startAt":1758112058679,"status":"passed","title":"should return true when the media query matches"},{"ancestorTitles":["useMediaQuery"],"duration":5,"failing":false,"failureDetails":[],"failureMessages":[],"fullName":"useMediaQuery should return false when the media query does not match","invocations":1,"location":null,"numPassingAsserts":1,"retryReasons":[],"startAt":1758112058691,"status":"passed","title":"should return false when the media query does not match"},{"ancestorTitles":["useMediaQuery"],"duration":4,"failing":false,"failureDetails":[],"failureMessages":[],"fullName":"useMediaQuery should update the value when the media query match changes","invocations":1,"location":null,"numPassingAsserts":2,"retryReasons":[],"startAt":1758112058697,"status":"passed","title":"should update the value when the media query match changes"},{"ancestorTitles":["useMediaQuery"],"duration":4,"failing":false,"failureDetails":[],"failureMessages":[],"fullName":"useMediaQuery should clean up the event listener on unmount","invocations":1,"location":null,"numPassingAsserts":1,"retryReasons":[],"startAt":1758112058701,"status":"passed","title":"should clean up the event listener on unmount"}],"endTime":1758112058707,"message":"","name":"C:\\Users\\HP\\Music\\Copiolet\\study_sentinel\\src\\hooks\\__tests__\\use-media-query.test.ts","startTime":1758112058132,"status":"passed","summary":""},{"assertionResults":[{"ancestorTitles":["verifyServiceWorkerScope"],"duration":69,"failing":false,"failureDetails":[],"failureMessages":[],"fullName":"verifyServiceWorkerScope resolves when header matches expected scope","invocations":1,"location":null,"numPassingAsserts":1,"retryReasons":[],"startAt":1758112059121,"status":"passed","title":"resolves when header matches expected scope"},{"ancestorTitles":["verifyServiceWorkerScope"],"duration":35,"failing":false,"failureDetails":[],"failureMessages":[],"fullName":"verifyServiceWorkerScope rejects when scope is mismatched","invocations":1,"location":null,"numPassingAsserts":1,"retryReasons":[],"startAt":1758112059191,"status":"passed","title":"rejects when scope is mismatched"},{"ancestorTitles":["parseArgs"],"duration":2,"failing":false,"failureDetails":[],"failureMessages":[],"fullName":"parseArgs parses shorthand arguments","invocations":1,"location":null,"numPassingAsserts":1,"retryReasons":[],"startAt":1758112059227,"status":"passed","title":"parses shorthand arguments"},{"ancestorTitles":["parseArgs"],"duration":1,"failing":false,"failureDetails":[],"failureMessages":[],"fullName":"parseArgs parses flags","invocations":1,"location":null,"numPassingAsserts":1,"retryReasons":[],"startAt":1758112059229,"status":"passed","title":"parses flags"},{"ancestorTitles":["normalize helpers"],"duration":1,"failing":false,"failureDetails":[],"failureMessages":[],"fullName":"normalize helpers normalizes urls and scopes consistently","invocations":1,"location":null,"numPassingAsserts":3,"retryReasons":[],"startAt":1758112059230,"status":"passed","title":"normalizes urls and scopes consistently"}],"endTime":1758112059233,"message":"","name":"C:\\Users\\HP\\Music\\Copiolet\\study_sentinel\\scripts\\__tests__\\verify-sw-scope.test.ts","startTime":1758112058738,"status":"passed","summary":""},{"assertionResults":[{"ancestorTitles":["checkAssetIntegrity"],"duration":13,"failing":false,"failureDetails":[],"failureMessages":[],"fullName":"checkAssetIntegrity validates project assets without issues","invocations":1,"location":null,"numPassingAsserts":1,"retryReasons":[],"startAt":1758112059649,"status":"passed","title":"validates project assets without issues"},{"ancestorTitles":["checkAssetIntegrity"],"duration":30,"failing":false,"failureDetails":[],"failureMessages":[],"fullName":"checkAssetIntegrity reports missing assets","invocations":1,"location":null,"numPassingAsserts":1,"retryReasons":[],"startAt":1758112059662,"status":"passed","title":"reports missing assets"}],"endTime":1758112059693,"message":"","name":"C:\\Users\\HP\\Music\\Copiolet\\study_sentinel\\scripts\\__tests__\\check-asset-integrity.test.ts","startTime":1758112059253,"status":"passed","summary":""},{"assertionResults":[{"ancestorTitles":["Motivation Library","motivationalQuotes"],"duration":39,"failing":false,"failureDetails":[],"failureMessages":[],"fullName":"Motivation Library motivationalQuotes should be a non-empty array of strings","invocations":1,"location":null,"numPassingAsserts":204,"retryReasons":[],"startAt":1758112059969,"status":"passed","title":"should be a non-empty array of strings"},{"ancestorTitles":["Motivation Library","motivationalMessages"],"duration":18,"failing":false,"failureDetails":[],"failureMessages":[],"fullName":"Motivation Library motivationalMessages should be a non-empty array of strings","invocations":1,"location":null,"numPassingAsserts":198,"retryReasons":[],"startAt":1758112060009,"status":"passed","title":"should be a non-empty array of strings"},{"ancestorTitles":["Motivation Library","getRandomMotivationalMessage"],"duration":1,"failing":false,"failureDetails":[],"failureMessages":[],"fullName":"Motivation Library getRandomMotivationalMessage should return a string from the motivationalMessages array","invocations":1,"location":null,"numPassingAsserts":2,"retryReasons":[],"startAt":1758112060027,"status":"passed","title":"should return a string from the motivationalMessages array"},{"ancestorTitles":["Motivation Library","getRandomMotivationalMessage","with mocked Math.random"],"duration":1,"failing":false,"failureDetails":[],"failureMessages":[],"fullName":"Motivation Library getRandomMotivationalMessage with mocked Math.random should return the first message when Math.random returns 0","invocations":1,"location":null,"numPassingAsserts":1,"retryReasons":[],"startAt":1758112060028,"status":"passed","title":"should return the first message when Math.random returns 0"},{"ancestorTitles":["Motivation Library","getRandomMotivationalMessage","with mocked Math.random"],"duration":0,"failing":false,"failureDetails":[],"failureMessages":[],"fullName":"Motivation Library getRandomMotivationalMessage with mocked Math.random should return the last message when Math.random returns a value close to 1","invocations":1,"location":null,"numPassingAsserts":1,"retryReasons":[],"startAt":1758112060029,"status":"passed","title":"should return the last message when Math.random returns a value close to 1"},{"ancestorTitles":["Motivation Library","getRandomMotivationalMessage","with mocked Math.random"],"duration":1,"failing":false,"failureDetails":[],"failureMessages":[],"fullName":"Motivation Library getRandomMotivationalMessage with mocked Math.random should return a message from the middle of the array","invocations":1,"location":null,"numPassingAsserts":1,"retryReasons":[],"startAt":1758112060029,"status":"passed","title":"should return a message from the middle of the array"},{"ancestorTitles":["Motivation Library","getRandomMotivationalMessage"],"duration":0,"failing":false,"failureDetails":[],"failureMessages":[],"fullName":"Motivation Library getRandomMotivationalMessage should handle an empty array gracefully by returning undefined","invocations":1,"location":null,"numPassingAsserts":1,"retryReasons":[],"startAt":1758112060030,"status":"passed","title":"should handle an empty array gracefully by returning undefined"}],"endTime":1758112060031,"message":"","name":"C:\\Users\\HP\\Music\\Copiolet\\study_sentinel\\src\\lib\\__tests__\\motivation.test.ts","startTime":1758112059712,"status":"passed","summary":""},{"assertionResults":[{"ancestorTitles":["ai/flows/generateChatbotResponse","History Sanitization"],"duration":2,"failing":false,"failureDetails":[],"failureMessages":[],"fullName":"ai/flows/generateChatbotResponse History Sanitization should return a default greeting if chatHistory is empty","invocations":1,"location":null,"numPassingAsserts":2,"retryReasons":[],"startAt":1758112060363,"status":"passed","title":"should return a default greeting if chatHistory is empty"},{"ancestorTitles":["ai/flows/generateChatbotResponse","History Sanitization"],"duration":1,"failing":false,"failureDetails":[],"failureMessages":[],"fullName":"ai/flows/generateChatbotResponse History Sanitization should return a default greeting if chatHistory is undefined","invocations":1,"location":null,"numPassingAsserts":2,"retryReasons":[],"startAt":1758112060366,"status":"passed","title":"should return a default greeting if chatHistory is undefined"},{"ancestorTitles":["ai/flows/generateChatbotResponse","History Sanitization"],"duration":2,"failing":false,"failureDetails":[],"failureMessages":[],"fullName":"ai/flows/generateChatbotResponse History Sanitization should return a greeting if history contains no user messages","invocations":1,"location":null,"numPassingAsserts":2,"retryReasons":[],"startAt":1758112060367,"status":"passed","title":"should return a greeting if history contains no user messages"},{"ancestorTitles":["ai/flows/generateChatbotResponse","History Sanitization"],"duration":2,"failing":false,"failureDetails":[],"failureMessages":[],"fullName":"ai/flows/generateChatbotResponse History Sanitization should filter out invalid messages from history","invocations":1,"location":null,"numPassingAsserts":3,"retryReasons":[],"startAt":1758112060369,"status":"passed","title":"should filter out invalid messages from history"},{"ancestorTitles":["ai/flows/generateChatbotResponse","History Sanitization"],"duration":1,"failing":false,"failureDetails":[],"failureMessages":[],"fullName":"ai/flows/generateChatbotResponse History Sanitization should slice history to start with the first user message","invocations":1,"location":null,"numPassingAsserts":3,"retryReasons":[],"startAt":1758112060371,"status":"passed","title":"should slice history to start with the first user message"},{"ancestorTitles":["ai/flows/generateChatbotResponse","Prompt Construction"],"duration":3,"failing":false,"failureDetails":[],"failureMessages":[],"fullName":"ai/flows/generateChatbotResponse Prompt Construction should build a system prompt with all available context","invocations":1,"location":null,"numPassingAsserts":7,"retryReasons":[],"startAt":1758112060373,"status":"passed","title":"should build a system prompt with all available context"},{"ancestorTitles":["ai/flows/generateChatbotResponse","Prompt Construction"],"duration":3,"failing":false,"failureDetails":[],"failureMessages":[],"fullName":"ai/flows/generateChatbotResponse Prompt Construction should handle missing optional context gracefully","invocations":1,"location":null,"numPassingAsserts":7,"retryReasons":[],"startAt":1758112060376,"status":"passed","title":"should handle missing optional context gracefully"},{"ancestorTitles":["ai/flows/generateChatbotResponse","AI Call and Response"],"duration":1,"failing":false,"failureDetails":[],"failureMessages":[],"fullName":"ai/flows/generateChatbotResponse AI Call and Response should call ai.generate and return its text response","invocations":1,"location":null,"numPassingAsserts":2,"retryReasons":[],"startAt":1758112060380,"status":"passed","title":"should call ai.generate and return its text response"}],"endTime":1758112060383,"message":"","name":"C:\\Users\\HP\\Music\\Copiolet\\study_sentinel\\src\\ai\\flows\\__tests__\\positive-psychologist-flow.test.ts","startTime":1758112060049,"status":"passed","summary":""},{"assertionResults":[{"ancestorTitles":["Storage Performance Metrics"],"duration":9,"failing":false,"failureDetails":[],"failureMessages":[],"fullName":"Storage Performance Metrics should collect performance metrics for operations","invocations":1,"location":null,"numPassingAsserts":18,"retryReasons":[],"startAt":1758112060731,"status":"passed","title":"should collect performance metrics for operations"},{"ancestorTitles":["Storage Performance Metrics"],"duration":2,"failing":false,"failureDetails":[],"failureMessages":[],"fullName":"Storage Performance Metrics should clear performance metrics","invocations":1,"location":null,"numPassingAsserts":2,"retryReasons":[],"startAt":1758112060740,"status":"passed","title":"should clear performance metrics"},{"ancestorTitles":["Storage Performance Metrics"],"duration":3,"failing":false,"failureDetails":[],"failureMessages":[],"fullName":"Storage Performance Metrics should only collect metrics in development environment","invocations":1,"location":null,"numPassingAsserts":1,"retryReasons":[],"startAt":1758112060742,"status":"passed","title":"should only collect metrics in development environment"}],"endTime":1758112060746,"message":"","name":"C:\\Users\\HP\\Music\\Copiolet\\study_sentinel\\src\\test\\storage-performance-metrics.test.ts","startTime":1758112060418,"status":"passed","summary":""},{"assertionResults":[{"ancestorTitles":["Canary Rollout Execution"],"duration":3,"failing":false,"failureDetails":[],"failureMessages":[],"fullName":"Canary Rollout Execution should create executor with default plan","invocations":1,"location":null,"numPassingAsserts":3,"retryReasons":[],"startAt":1758112061143,"status":"passed","title":"should create executor with default plan"},{"ancestorTitles":["Canary Rollout Execution"],"duration":17,"failing":false,"failureDetails":[],"failureMessages":[],"fullName":"Canary Rollout Execution should initialize successfully","invocations":1,"location":null,"numPassingAsserts":2,"retryReasons":[],"startAt":1758112061147,"status":"passed","title":"should initialize successfully"},{"ancestorTitles":["Canary Rollout Execution"],"duration":3,"failing":false,"failureDetails":[],"failureMessages":[],"fullName":"Canary Rollout Execution should execute canary rollout","invocations":1,"location":null,"numPassingAsserts":4,"retryReasons":[],"startAt":1758112061164,"status":"passed","title":"should execute canary rollout"},{"ancestorTitles":["Canary Rollout Execution"],"duration":3,"failing":false,"failureDetails":[],"failureMessages":[],"fullName":"Canary Rollout Execution should handle execution failures","invocations":1,"location":null,"numPassingAsserts":2,"retryReasons":[],"startAt":1758112061167,"status":"passed","title":"should handle execution failures"},{"ancestorTitles":["Canary Rollout Execution"],"duration":3,"failing":false,"failureDetails":[],"failureMessages":[],"fullName":"Canary Rollout Execution should generate execution report","invocations":1,"location":null,"numPassingAsserts":5,"retryReasons":[],"startAt":1758112061170,"status":"passed","title":"should generate execution report"},{"ancestorTitles":["Canary Rollout Execution"],"duration":2,"failing":false,"failureDetails":[],"failureMessages":[],"fullName":"Canary Rollout Execution should get execution status","invocations":1,"location":null,"numPassingAsserts":5,"retryReasons":[],"startAt":1758112061173,"status":"passed","title":"should get execution status"}],"endTime":1758112061177,"message":"","name":"C:\\Users\\HP\\Music\\Copiolet\\study_sentinel\\src\\test\\canary-rollout.test.ts","startTime":1758112060771,"status":"passed","summary":""},{"assertionResults":[{"ancestorTitles":["ai/core"],"duration":2,"failing":false,"failureDetails":[],"failureMessages":[],"fullName":"ai/core should return the result from ai.generate on success","invocations":1,"location":null,"numPassingAsserts":3,"retryReasons":[],"startAt":1758112061519,"status":"passed","title":"should return the result from ai.generate on success"},{"ancestorTitles":["ai/core"],"duration":5,"failing":false,"failureDetails":[],"failureMessages":[],"fullName":"ai/core should throw an error if ai.generate fails","invocations":1,"location":null,"numPassingAsserts":4,"retryReasons":[],"startAt":1758112061521,"status":"passed","title":"should throw an error if ai.generate fails"}],"endTime":1758112061527,"message":"","name":"C:\\Users\\HP\\Music\\Copiolet\\study_sentinel\\src\\ai\\__tests__\\core.test.ts","startTime":1758112061213,"status":"passed","summary":""},{"assertionResults":[{"ancestorTitles":["Compile-time Type Safety Tests"],"duration":1,"failing":false,"failureDetails":[],"failureMessages":[],"fullName":"Compile-time Type Safety Tests should verify compound query typing at compile time","invocations":1,"location":null,"numPassingAsserts":2,"retryReasons":[],"startAt":1758112061816,"status":"passed","title":"should verify compound query typing at compile time"},{"ancestorTitles":["Compile-time Type Safety Tests"],"duration":1,"failing":false,"failureDetails":[],"failureMessages":[],"fullName":"Compile-time Type Safety Tests should verify EventRecord structure compliance","invocations":1,"location":null,"numPassingAsserts":5,"retryReasons":[],"startAt":1758112061817,"status":"passed","title":"should verify EventRecord structure compliance"},{"ancestorTitles":["Compile-time Type Safety Tests"],"duration":0,"failing":false,"failureDetails":[],"failureMessages":[],"fullName":"Compile-time Type Safety Tests should verify JSON serializable data validation","invocations":1,"location":null,"numPassingAsserts":1,"retryReasons":[],"startAt":1758112061819,"status":"passed","title":"should verify JSON serializable data validation"},{"ancestorTitles":["Compile-time Type Safety Tests"],"duration":1,"failing":false,"failureDetails":[],"failureMessages":[],"fullName":"Compile-time Type Safety Tests should verify policy compliance","invocations":1,"location":null,"numPassingAsserts":3,"retryReasons":[],"startAt":1758112061819,"status":"passed","title":"should verify policy compliance"},{"ancestorTitles":["Compile-time Type Safety Tests"],"duration":1,"failing":false,"failureDetails":[],"failureMessages":[],"fullName":"Compile-time Type Safety Tests should verify index key paths","invocations":1,"location":null,"numPassingAsserts":5,"retryReasons":[],"startAt":1758112061820,"status":"passed","title":"should verify index key paths"},{"ancestorTitles":["Compile-time Type Safety Tests"],"duration":1,"failing":false,"failureDetails":[],"failureMessages":[],"fullName":"Compile-time Type Safety Tests should verify schema manifest consistency","invocations":1,"location":null,"numPassingAsserts":6,"retryReasons":[],"startAt":1758112061821,"status":"passed","title":"should verify schema manifest consistency"}],"endTime":1758112061823,"message":"","name":"C:\\Users\\HP\\Music\\Copiolet\\study_sentinel\\src\\test\\storage-compile-time-tests.test.ts","startTime":1758112061551,"status":"passed","summary":""}],"wasInterrupted":false}
