{"numFailedTestSuites":1,"numFailedTests":1,"numPassedTestSuites":0,"numPassedTests":2,"numPendingTestSuites":0,"numPendingTests":0,"numRuntimeErrorTestSuites":0,"numTodoTests":0,"numTotalTestSuites":1,"numTotalTests":3,"openHandles":[],"snapshot":{"added":0,"didUpdate":false,"failure":false,"filesAdded":0,"filesRemoved":0,"filesRemovedList":[],"filesUnmatched":0,"filesUpdated":0,"matched":0,"total":0,"unchecked":0,"uncheckedKeysByFile":[],"unmatched":0,"updated":0},"startTime":1757345263011,"success":false,"testResults":[{"assertionResults":[{"ancestorTitles":[],"duration":21,"failing":false,"failureDetails":[],"failureMessages":[],"fullName":"test-wrapper loads","invocations":1,"location":null,"numPassingAsserts":1,"retryReasons":[],"startAt":1757345270240,"status":"passed","title":"test-wrapper loads"},{"ancestorTitles":[],"duration":35,"failing":false,"failureDetails":[],"failureMessages":[],"fullName":"custom render exports","invocations":1,"location":null,"numPassingAsserts":1,"retryReasons":[],"startAt":1757345270264,"status":"passed","title":"custom render exports"},{"ancestorTitles":["DashboardPage"],"duration":355,"failing":false,"failureDetails":[{}],"failureMessages":["Error: Element type is invalid: expected a string (for built-in components) or a class/function (for composite components) but got: undefined. You likely forgot to export your component from the file it's defined in, or you might have mixed up default and named imports.\n\nCheck the render method of `EmptyState`.\n    at createFiberFromTypeAndProps (C:\\Users\\HP\\Music\\Copiolet\\study_sentinel\\node_modules\\react-dom\\cjs\\react-dom.development.js:28478:17)\n    at createFiberFromElement (C:\\Users\\HP\\Music\\Copiolet\\study_sentinel\\node_modules\\react-dom\\cjs\\react-dom.development.js:28504:15)\n    at createChild (C:\\Users\\HP\\Music\\Copiolet\\study_sentinel\\node_modules\\react-dom\\cjs\\react-dom.development.js:13345:28)\n    at reconcileChildrenArray (C:\\Users\\HP\\Music\\Copiolet\\study_sentinel\\node_modules\\react-dom\\cjs\\react-dom.development.js:13640:25)\n    at reconcileChildFibers (C:\\Users\\HP\\Music\\Copiolet\\study_sentinel\\node_modules\\react-dom\\cjs\\react-dom.development.js:14057:16)\n    at reconcileChildren (C:\\Users\\HP\\Music\\Copiolet\\study_sentinel\\node_modules\\react-dom\\cjs\\react-dom.development.js:19186:28)\n    at updateHostComponent (C:\\Users\\HP\\Music\\Copiolet\\study_sentinel\\node_modules\\react-dom\\cjs\\react-dom.development.js:19953:3)\n    at beginWork (C:\\Users\\HP\\Music\\Copiolet\\study_sentinel\\node_modules\\react-dom\\cjs\\react-dom.development.js:21657:14)\n    at beginWork$1 (C:\\Users\\HP\\Music\\Copiolet\\study_sentinel\\node_modules\\react-dom\\cjs\\react-dom.development.js:27465:14)\n    at performUnitOfWork (C:\\Users\\HP\\Music\\Copiolet\\study_sentinel\\node_modules\\react-dom\\cjs\\react-dom.development.js:26599:12)\n    at workLoopSync (C:\\Users\\HP\\Music\\Copiolet\\study_sentinel\\node_modules\\react-dom\\cjs\\react-dom.development.js:26505:5)\n    at renderRootSync (C:\\Users\\HP\\Music\\Copiolet\\study_sentinel\\node_modules\\react-dom\\cjs\\react-dom.development.js:26473:7)\n    at recoverFromConcurrentError (C:\\Users\\HP\\Music\\Copiolet\\study_sentinel\\node_modules\\react-dom\\cjs\\react-dom.development.js:25889:20)\n    at performConcurrentWorkOnRoot (C:\\Users\\HP\\Music\\Copiolet\\study_sentinel\\node_modules\\react-dom\\cjs\\react-dom.development.js:25789:22)\n    at flushActQueue (C:\\Users\\HP\\Music\\Copiolet\\study_sentinel\\node_modules\\react\\cjs\\react.development.js:2667:24)\n    at act (C:\\Users\\HP\\Music\\Copiolet\\study_sentinel\\node_modules\\react\\cjs\\react.development.js:2582:11)\n    at C:\\Users\\HP\\Music\\Copiolet\\study_sentinel\\node_modules\\@testing-library\\react\\dist\\act-compat.js:47:25\n    at renderRoot (C:\\Users\\HP\\Music\\Copiolet\\study_sentinel\\node_modules\\@testing-library\\react\\dist\\pure.js:190:26)\n    at render (C:\\Users\\HP\\Music\\Copiolet\\study_sentinel\\node_modules\\@testing-library\\react\\dist\\pure.js:292:10)\n    at render (C:\\Users\\HP\\Music\\Copiolet\\study_sentinel\\src\\__tests__\\render.tsx:7:19)\n    at Object.<anonymous> (C:\\Users\\HP\\Music\\Copiolet\\study_sentinel\\src\\app\\__tests__\\dashboard.test.tsx:82:11)\n    at Promise.finally.completed (C:\\Users\\HP\\Music\\Copiolet\\study_sentinel\\node_modules\\jest-circus\\build\\jestAdapterInit.js:1559:28)\n    at new Promise (<anonymous>)\n    at callAsyncCircusFn (C:\\Users\\HP\\Music\\Copiolet\\study_sentinel\\node_modules\\jest-circus\\build\\jestAdapterInit.js:1499:10)\n    at _callCircusTest (C:\\Users\\HP\\Music\\Copiolet\\study_sentinel\\node_modules\\jest-circus\\build\\jestAdapterInit.js:1009:40)\n    at _runTest (C:\\Users\\HP\\Music\\Copiolet\\study_sentinel\\node_modules\\jest-circus\\build\\jestAdapterInit.js:949:3)\n    at _runTestsForDescribeBlock (C:\\Users\\HP\\Music\\Copiolet\\study_sentinel\\node_modules\\jest-circus\\build\\jestAdapterInit.js:839:13)\n    at _runTestsForDescribeBlock (C:\\Users\\HP\\Music\\Copiolet\\study_sentinel\\node_modules\\jest-circus\\build\\jestAdapterInit.js:829:11)\n    at run (C:\\Users\\HP\\Music\\Copiolet\\study_sentinel\\node_modules\\jest-circus\\build\\jestAdapterInit.js:757:3)\n    at runAndTransformResultsToJestFormat (C:\\Users\\HP\\Music\\Copiolet\\study_sentinel\\node_modules\\jest-circus\\build\\jestAdapterInit.js:1920:21)\n    at jestAdapter (C:\\Users\\HP\\Music\\Copiolet\\study_sentinel\\node_modules\\jest-circus\\build\\runner.js:101:19)\n    at runTestInternal (C:\\Users\\HP\\Music\\Copiolet\\study_sentinel\\node_modules\\jest-runner\\build\\index.js:275:16)\n    at runTest (C:\\Users\\HP\\Music\\Copiolet\\study_sentinel\\node_modules\\jest-runner\\build\\index.js:343:7)"],"fullName":"DashboardPage renders the dashboard with the correct heading","invocations":1,"location":null,"numPassingAsserts":0,"retryReasons":[],"startAt":1757345270302,"status":"failed","title":"renders the dashboard with the correct heading"}],"endTime":1757345270703,"message":"\u001b[1m\u001b[31m  \u001b[1m● \u001b[22m\u001b[1mDashboardPage › renders the dashboard with the correct heading\u001b[39m\u001b[22m\n\n    Element type is invalid: expected a string (for built-in components) or a class/function (for composite components) but got: undefined. You likely forgot to export your component from the file it's defined in, or you might have mixed up default and named imports.\n\n    Check the render method of `EmptyState`.\n\u001b[2m\u001b[22m\n\u001b[2m    \u001b[0m \u001b[90m  5 |\u001b[39m\u001b[22m\n\u001b[2m     \u001b[90m  6 |\u001b[39m \u001b[36mexport\u001b[39m \u001b[36mfunction\u001b[39m render(ui\u001b[33m:\u001b[39m \u001b[33mReact\u001b[39m\u001b[33m.\u001b[39m\u001b[33mReactElement\u001b[39m\u001b[33m,\u001b[39m options\u001b[33m?\u001b[39m\u001b[33m:\u001b[39m any) {\u001b[22m\n\u001b[2m    \u001b[31m\u001b[1m>\u001b[22m\u001b[2m\u001b[39m\u001b[90m  7 |\u001b[39m   \u001b[36mreturn\u001b[39m rtlRender(ui\u001b[33m,\u001b[39m { wrapper\u001b[33m:\u001b[39m \u001b[33mAllProviders\u001b[39m\u001b[33m,\u001b[39m \u001b[33m...\u001b[39moptions })\u001b[33m;\u001b[39m\u001b[22m\n\u001b[2m     \u001b[90m    |\u001b[39m                   \u001b[31m\u001b[1m^\u001b[22m\u001b[2m\u001b[39m\u001b[22m\n\u001b[2m     \u001b[90m  8 |\u001b[39m }\u001b[22m\n\u001b[2m     \u001b[90m  9 |\u001b[39m\u001b[22m\n\u001b[2m     \u001b[90m 10 |\u001b[39m \u001b[90m// Trivial test to satisfy Jest when scanning __tests__ helpers.\u001b[39m\u001b[0m\u001b[22m\n\u001b[2m\u001b[22m\n\u001b[2m      \u001b[2mat createFiberFromTypeAndProps (\u001b[22m\u001b[2mnode_modules/react-dom/cjs/react-dom.development.js\u001b[2m:28478:17)\u001b[22m\u001b[2m\u001b[22m\n\u001b[2m      \u001b[2mat createFiberFromElement (\u001b[22m\u001b[2mnode_modules/react-dom/cjs/react-dom.development.js\u001b[2m:28504:15)\u001b[22m\u001b[2m\u001b[22m\n\u001b[2m      \u001b[2mat createChild (\u001b[22m\u001b[2mnode_modules/react-dom/cjs/react-dom.development.js\u001b[2m:13345:28)\u001b[22m\u001b[2m\u001b[22m\n\u001b[2m      \u001b[2mat reconcileChildrenArray (\u001b[22m\u001b[2mnode_modules/react-dom/cjs/react-dom.development.js\u001b[2m:13640:25)\u001b[22m\u001b[2m\u001b[22m\n\u001b[2m      \u001b[2mat reconcileChildFibers (\u001b[22m\u001b[2mnode_modules/react-dom/cjs/react-dom.development.js\u001b[2m:14057:16)\u001b[22m\u001b[2m\u001b[22m\n\u001b[2m      \u001b[2mat reconcileChildren (\u001b[22m\u001b[2mnode_modules/react-dom/cjs/react-dom.development.js\u001b[2m:19186:28)\u001b[22m\u001b[2m\u001b[22m\n\u001b[2m      \u001b[2mat updateHostComponent (\u001b[22m\u001b[2mnode_modules/react-dom/cjs/react-dom.development.js\u001b[2m:19953:3)\u001b[22m\u001b[2m\u001b[22m\n\u001b[2m      \u001b[2mat beginWork (\u001b[22m\u001b[2mnode_modules/react-dom/cjs/react-dom.development.js\u001b[2m:21657:14)\u001b[22m\u001b[2m\u001b[22m\n\u001b[2m      \u001b[2mat beginWork$1 (\u001b[22m\u001b[2mnode_modules/react-dom/cjs/react-dom.development.js\u001b[2m:27465:14)\u001b[22m\u001b[2m\u001b[22m\n\u001b[2m      \u001b[2mat performUnitOfWork (\u001b[22m\u001b[2mnode_modules/react-dom/cjs/react-dom.development.js\u001b[2m:26599:12)\u001b[22m\u001b[2m\u001b[22m\n\u001b[2m      \u001b[2mat workLoopSync (\u001b[22m\u001b[2mnode_modules/react-dom/cjs/react-dom.development.js\u001b[2m:26505:5)\u001b[22m\u001b[2m\u001b[22m\n\u001b[2m      \u001b[2mat renderRootSync (\u001b[22m\u001b[2mnode_modules/react-dom/cjs/react-dom.development.js\u001b[2m:26473:7)\u001b[22m\u001b[2m\u001b[22m\n\u001b[2m      \u001b[2mat recoverFromConcurrentError (\u001b[22m\u001b[2mnode_modules/react-dom/cjs/react-dom.development.js\u001b[2m:25889:20)\u001b[22m\u001b[2m\u001b[22m\n\u001b[2m      \u001b[2mat performConcurrentWorkOnRoot (\u001b[22m\u001b[2mnode_modules/react-dom/cjs/react-dom.development.js\u001b[2m:25789:22)\u001b[22m\u001b[2m\u001b[22m\n\u001b[2m      \u001b[2mat flushActQueue (\u001b[22m\u001b[2mnode_modules/react/cjs/react.development.js\u001b[2m:2667:24)\u001b[22m\u001b[2m\u001b[22m\n\u001b[2m      \u001b[2mat act (\u001b[22m\u001b[2mnode_modules/react/cjs/react.development.js\u001b[2m:2582:11)\u001b[22m\u001b[2m\u001b[22m\n\u001b[2m      \u001b[2mat \u001b[22m\u001b[2mnode_modules/@testing-library/react/dist/act-compat.js\u001b[2m:47:25\u001b[22m\u001b[2m\u001b[22m\n\u001b[2m      \u001b[2mat renderRoot (\u001b[22m\u001b[2mnode_modules/@testing-library/react/dist/pure.js\u001b[2m:190:26)\u001b[22m\u001b[2m\u001b[22m\n\u001b[2m      \u001b[2mat render (\u001b[22m\u001b[2mnode_modules/@testing-library/react/dist/pure.js\u001b[2m:292:10)\u001b[22m\u001b[2m\u001b[22m\n\u001b[2m      \u001b[2mat render (\u001b[22m\u001b[2m\u001b[0m\u001b[36msrc/__tests__/render.tsx\u001b[39m\u001b[0m\u001b[2m:7:19)\u001b[22m\u001b[2m\u001b[22m\n\u001b[2m      \u001b[2mat Object.<anonymous> (\u001b[22m\u001b[2m\u001b[0m\u001b[36msrc/app/__tests__/dashboard.test.tsx\u001b[39m\u001b[0m\u001b[2m:82:11)\u001b[22m\u001b[2m\u001b[22m\n","name":"C:\\Users\\HP\\Music\\Copiolet\\study_sentinel\\src\\app\\__tests__\\dashboard.test.tsx","startTime":1757345266039,"status":"failed","summary":""}],"wasInterrupted":false,"coverageMap":{"C:\\Users\\HP\\Music\\Copiolet\\study_sentinel\\src\\providers\\quote-provider.ts":{"path":"C:\\Users\\HP\\Music\\Copiolet\\study_sentinel\\src\\providers\\quote-provider.ts","statementMap":{"0":{"start":{"line":4,"column":13},"end":{"line":4,"column":26}},"1":{"start":{"line":42,"column":13},"end":{"line":42,"column":26}},"2":{"start":{"line":17,"column":24},"end":{"line":17,"column":null}},"3":{"start":{"line":18,"column":4},"end":{"line":18,"column":null}},"4":{"start":{"line":25,"column":18},"end":{"line":25,"column":null}},"5":{"start":{"line":26,"column":22},"end":{"line":26,"column":null}},"6":{"start":{"line":27,"column":18},"end":{"line":27,"column":48}},"7":{"start":{"line":28,"column":4},"end":{"line":28,"column":null}},"8":{"start":{"line":35,"column":4},"end":{"line":37,"column":null}},"9":{"start":{"line":36,"column":6},"end":{"line":36,"column":null}},"10":{"start":{"line":5,"column":10},"end":{"line":11,"column":null}},"11":{"start":{"line":42,"column":29},"end":{"line":42,"column":null}}},"fnMap":{"0":{"name":"(anonymous_3)","decl":{"start":{"line":16,"column":2},"end":{"line":16,"column":27}},"loc":{"start":{"line":16,"column":27},"end":{"line":19,"column":null}}},"1":{"name":"(anonymous_4)","decl":{"start":{"line":24,"column":2},"end":{"line":24,"column":29}},"loc":{"start":{"line":24,"column":29},"end":{"line":29,"column":null}}},"2":{"name":"(anonymous_5)","decl":{"start":{"line":34,"column":2},"end":{"line":34,"column":11}},"loc":{"start":{"line":34,"column":32},"end":{"line":38,"column":null}}}},"branchMap":{"0":{"loc":{"start":{"line":35,"column":4},"end":{"line":37,"column":null}},"type":"if","locations":[{"start":{"line":35,"column":4},"end":{"line":37,"column":null}},{"start":{},"end":{}}]},"1":{"loc":{"start":{"line":35,"column":8},"end":{"line":35,"column":54}},"type":"binary-expr","locations":[{"start":{"line":35,"column":8},"end":{"line":35,"column":24}},{"start":{"line":35,"column":24},"end":{"line":35,"column":54}}]}},"s":{"0":0,"1":0,"2":0,"3":0,"4":0,"5":0,"6":0,"7":0,"8":0,"9":0,"10":0,"11":0},"f":{"0":0,"1":0,"2":0},"b":{"0":[0,0],"1":[0,0]}},"C:\\Users\\HP\\Music\\Copiolet\\study_sentinel\\src\\app\\api\\ping\\route.ts":{"path":"C:\\Users\\HP\\Music\\Copiolet\\study_sentinel\\src\\app\\api\\ping\\route.ts","statementMap":{"0":{"start":{"line":2,"column":22},"end":{"line":2,"column":25}},"1":{"start":{"line":4,"column":22},"end":{"line":4,"column":26}},"2":{"start":{"line":2,"column":30},"end":{"line":2,"column":74}},"3":{"start":{"line":4,"column":31},"end":{"line":4,"column":75}}},"fnMap":{"0":{"name":"GET","decl":{"start":{"line":2,"column":22},"end":{"line":2,"column":25}},"loc":{"start":{"line":2,"column":22},"end":{"line":2,"column":null}}},"1":{"name":"HEAD","decl":{"start":{"line":4,"column":22},"end":{"line":4,"column":26}},"loc":{"start":{"line":4,"column":22},"end":{"line":4,"column":null}}}},"branchMap":{},"s":{"0":0,"1":0,"2":0,"3":0},"f":{"0":0,"1":0},"b":{}},"C:\\Users\\HP\\Music\\Copiolet\\study_sentinel\\src\\utils\\id-generator.ts":{"path":"C:\\Users\\HP\\Music\\Copiolet\\study_sentinel\\src\\utils\\id-generator.ts","statementMap":{"0":{"start":{"line":8,"column":16},"end":{"line":8,"column":26}},"1":{"start":{"line":17,"column":16},"end":{"line":17,"column":31}},"2":{"start":{"line":24,"column":16},"end":{"line":24,"column":28}},"3":{"start":{"line":9,"column":20},"end":{"line":9,"column":null}},"4":{"start":{"line":10,"column":20},"end":{"line":10,"column":null}},"5":{"start":{"line":11,"column":2},"end":{"line":11,"column":null}},"6":{"start":{"line":18,"column":2},"end":{"line":18,"column":null}},"7":{"start":{"line":25,"column":2},"end":{"line":29,"column":null}},"8":{"start":{"line":26,"column":14},"end":{"line":26,"column":null}},"9":{"start":{"line":27,"column":14},"end":{"line":27,"column":null}},"10":{"start":{"line":28,"column":4},"end":{"line":28,"column":null}}},"fnMap":{"0":{"name":"generateId","decl":{"start":{"line":8,"column":16},"end":{"line":8,"column":26}},"loc":{"start":{"line":8,"column":16},"end":{"line":12,"column":null}}},"1":{"name":"generateShortId","decl":{"start":{"line":17,"column":16},"end":{"line":17,"column":31}},"loc":{"start":{"line":17,"column":16},"end":{"line":19,"column":null}}},"2":{"name":"generateUUID","decl":{"start":{"line":24,"column":16},"end":{"line":24,"column":28}},"loc":{"start":{"line":24,"column":16},"end":{"line":30,"column":null}}},"3":{"name":"(anonymous_7)","decl":{"start":{"line":25,"column":65},"end":{"line":25,"column":74}},"loc":{"start":{"line":25,"column":75},"end":{"line":29,"column":null}}}},"branchMap":{"0":{"loc":{"start":{"line":27,"column":14},"end":{"line":27,"column":null}},"type":"cond-expr","locations":[{"start":{"line":27,"column":26},"end":{"line":27,"column":31}},{"start":{"line":27,"column":31},"end":{"line":27,"column":null}}]}},"s":{"0":0,"1":0,"2":0,"3":0,"4":0,"5":0,"6":0,"7":0,"8":0,"9":0,"10":0},"f":{"0":0,"1":0,"2":0,"3":0},"b":{"0":[0,0]}},"C:\\Users\\HP\\Music\\Copiolet\\study_sentinel\\src\\utils\\point-calculator.ts":{"path":"C:\\Users\\HP\\Music\\Copiolet\\study_sentinel\\src\\utils\\point-calculator.ts","statementMap":{"0":{"start":{"line":45,"column":13},"end":{"line":45,"column":28}},"1":{"start":{"line":28,"column":16},"end":{"line":28,"column":38}},"2":{"start":{"line":10,"column":13},"end":{"line":10,"column":32}},"3":{"start":{"line":10,"column":35},"end":{"line":23,"column":null}},"4":{"start":{"line":11,"column":23},"end":{"line":16,"column":null}},"5":{"start":{"line":18,"column":29},"end":{"line":18,"column":null}},"6":{"start":{"line":19,"column":26},"end":{"line":19,"column":null}},"7":{"start":{"line":20,"column":21},"end":{"line":20,"column":67}},"8":{"start":{"line":22,"column":2},"end":{"line":22,"column":null}},"9":{"start":{"line":29,"column":21},"end":{"line":29,"column":61}},"10":{"start":{"line":30,"column":29},"end":{"line":30,"column":null}},"11":{"start":{"line":33,"column":32},"end":{"line":33,"column":null}},"12":{"start":{"line":34,"column":28},"end":{"line":34,"column":null}},"13":{"start":{"line":35,"column":27},"end":{"line":35,"column":92}},"14":{"start":{"line":37,"column":26},"end":{"line":37,"column":null}},"15":{"start":{"line":39,"column":2},"end":{"line":39,"column":null}},"16":{"start":{"line":45,"column":31},"end":{"line":53,"column":null}},"17":{"start":{"line":46,"column":26},"end":{"line":46,"column":null}},"18":{"start":{"line":48,"column":2},"end":{"line":50,"column":null}},"19":{"start":{"line":49,"column":4},"end":{"line":49,"column":null}},"20":{"start":{"line":52,"column":2},"end":{"line":52,"column":null}}},"fnMap":{"0":{"name":"(anonymous_4)","decl":{"start":{"line":10,"column":35},"end":{"line":10,"column":36}},"loc":{"start":{"line":10,"column":53},"end":{"line":23,"column":null}}},"1":{"name":"calculateRoutinePoints","decl":{"start":{"line":28,"column":16},"end":{"line":28,"column":38}},"loc":{"start":{"line":28,"column":79},"end":{"line":40,"column":null}}},"2":{"name":"(anonymous_6)","decl":{"start":{"line":45,"column":31},"end":{"line":45,"column":32}},"loc":{"start":{"line":45,"column":83},"end":{"line":53,"column":null}}}},"branchMap":{"0":{"loc":{"start":{"line":18,"column":29},"end":{"line":18,"column":null}},"type":"binary-expr","locations":[{"start":{"line":18,"column":29},"end":{"line":18,"column":56}},{"start":{"line":18,"column":60},"end":{"line":18,"column":null}}]},"1":{"loc":{"start":{"line":30,"column":29},"end":{"line":30,"column":null}},"type":"cond-expr","locations":[{"start":{"line":30,"column":59},"end":{"line":30,"column":65}},{"start":{"line":30,"column":65},"end":{"line":30,"column":null}}]},"2":{"loc":{"start":{"line":30,"column":65},"end":{"line":30,"column":null}},"type":"cond-expr","locations":[{"start":{"line":30,"column":97},"end":{"line":30,"column":103}},{"start":{"line":30,"column":103},"end":{"line":30,"column":null}}]},"3":{"loc":{"start":{"line":37,"column":26},"end":{"line":37,"column":null}},"type":"cond-expr","locations":[{"start":{"line":37,"column":63},"end":{"line":37,"column":67}},{"start":{"line":37,"column":67},"end":{"line":37,"column":null}}]},"4":{"loc":{"start":{"line":45,"column":50},"end":{"line":45,"column":83}},"type":"default-arg","locations":[{"start":{"line":45,"column":77},"end":{"line":45,"column":83}}]},"5":{"loc":{"start":{"line":48,"column":2},"end":{"line":50,"column":null}},"type":"if","locations":[{"start":{"line":48,"column":2},"end":{"line":50,"column":null}},{"start":{},"end":{}}]}},"s":{"0":0,"1":0,"2":0,"3":0,"4":0,"5":0,"6":0,"7":0,"8":0,"9":0,"10":0,"11":0,"12":0,"13":0,"14":0,"15":0,"16":0,"17":0,"18":0,"19":0,"20":0},"f":{"0":0,"1":0,"2":0},"b":{"0":[0,0],"1":[0,0],"2":[0,0],"3":[0,0],"4":[0],"5":[0,0]}},"C:\\Users\\HP\\Music\\Copiolet\\study_sentinel\\src\\utils\\sync-engine.ts":{"path":"C:\\Users\\HP\\Music\\Copiolet\\study_sentinel\\src\\utils\\sync-engine.ts","statementMap":{"0":{"start":{"line":4,"column":13},"end":{"line":4,"column":23}},"1":{"start":{"line":31,"column":13},"end":{"line":31,"column":23}},"2":{"start":{"line":11,"column":4},"end":{"line":11,"column":null}},"3":{"start":{"line":12,"column":4},"end":{"line":12,"column":null}},"4":{"start":{"line":12,"column":17},"end":{"line":12,"column":null}},"5":{"start":{"line":19,"column":4},"end":{"line":19,"column":null}},"6":{"start":{"line":19,"column":39},"end":{"line":19,"column":null}},"7":{"start":{"line":26,"column":4},"end":{"line":26,"column":null}},"8":{"start":{"line":5,"column":10},"end":{"line":5,"column":null}},"9":{"start":{"line":31,"column":26},"end":{"line":31,"column":null}}},"fnMap":{"0":{"name":"(anonymous_3)","decl":{"start":{"line":10,"column":2},"end":{"line":10,"column":14}},"loc":{"start":{"line":10,"column":48},"end":{"line":13,"column":null}}},"1":{"name":"(anonymous_4)","decl":{"start":{"line":12,"column":11},"end":{"line":12,"column":17}},"loc":{"start":{"line":12,"column":17},"end":{"line":12,"column":null}}},"2":{"name":"(anonymous_5)","decl":{"start":{"line":18,"column":2},"end":{"line":18,"column":15}},"loc":{"start":{"line":18,"column":15},"end":{"line":20,"column":null}}},"3":{"name":"(anonymous_6)","decl":{"start":{"line":19,"column":27},"end":{"line":19,"column":39}},"loc":{"start":{"line":19,"column":39},"end":{"line":19,"column":null}}},"4":{"name":"(anonymous_7)","decl":{"start":{"line":25,"column":2},"end":{"line":25,"column":16}},"loc":{"start":{"line":25,"column":16},"end":{"line":27,"column":null}}}},"branchMap":{},"s":{"0":0,"1":0,"2":0,"3":0,"4":0,"5":0,"6":0,"7":0,"8":0,"9":0},"f":{"0":0,"1":0,"2":0,"3":0,"4":0},"b":{}},"C:\\Users\\HP\\Music\\Copiolet\\study_sentinel\\src\\providers\\sound-provider.ts":{"path":"C:\\Users\\HP\\Music\\Copiolet\\study_sentinel\\src\\providers\\sound-provider.ts","statementMap":{"0":{"start":{"line":14,"column":13},"end":{"line":14,"column":26}},"1":{"start":{"line":126,"column":13},"end":{"line":126,"column":26}},"2":{"start":{"line":15,"column":10},"end":{"line":15,"column":null}},"3":{"start":{"line":22,"column":4},"end":{"line":22,"column":null}},"4":{"start":{"line":30,"column":4},"end":{"line":30,"column":null}},"5":{"start":{"line":38,"column":4},"end":{"line":42,"column":null}},"6":{"start":{"line":39,"column":6},"end":{"line":39,"column":null}},"7":{"start":{"line":41,"column":6},"end":{"line":41,"column":null}},"8":{"start":{"line":49,"column":4},"end":{"line":49,"column":null}},"9":{"start":{"line":56,"column":4},"end":{"line":56,"column":null}},"10":{"start":{"line":66,"column":4},"end":{"line":92,"column":null}},"11":{"start":{"line":68,"column":25},"end":{"line":68,"column":null}},"12":{"start":{"line":69,"column":23},"end":{"line":69,"column":null}},"13":{"start":{"line":71,"column":6},"end":{"line":71,"column":null}},"14":{"start":{"line":72,"column":6},"end":{"line":72,"column":null}},"15":{"start":{"line":83,"column":6},"end":{"line":83,"column":null}},"16":{"start":{"line":84,"column":6},"end":{"line":84,"column":null}},"17":{"start":{"line":85,"column":6},"end":{"line":85,"column":null}},"18":{"start":{"line":87,"column":6},"end":{"line":87,"column":null}},"19":{"start":{"line":88,"column":6},"end":{"line":88,"column":null}},"20":{"start":{"line":91,"column":6},"end":{"line":91,"column":null}},"21":{"start":{"line":99,"column":4},"end":{"line":99,"column":null}},"22":{"start":{"line":106,"column":4},"end":{"line":106,"column":null}},"23":{"start":{"line":113,"column":4},"end":{"line":113,"column":null}},"24":{"start":{"line":120,"column":4},"end":{"line":120,"column":null}},"25":{"start":{"line":126,"column":29},"end":{"line":126,"column":null}}},"fnMap":{"0":{"name":"(anonymous_3)","decl":{"start":{"line":21,"column":2},"end":{"line":21,"column":14}},"loc":{"start":{"line":21,"column":50},"end":{"line":31,"column":null}}},"1":{"name":"(anonymous_4)","decl":{"start":{"line":36,"column":2},"end":{"line":36,"column":40}},"loc":{"start":{"line":36,"column":41},"end":{"line":43,"column":null}}},"2":{"name":"(anonymous_5)","decl":{"start":{"line":48,"column":2},"end":{"line":48,"column":12}},"loc":{"start":{"line":48,"column":34},"end":{"line":50,"column":null}}},"3":{"name":"(anonymous_6)","decl":{"start":{"line":55,"column":2},"end":{"line":55,"column":13}},"loc":{"start":{"line":55,"column":37},"end":{"line":57,"column":null}}},"4":{"name":"(anonymous_7)","decl":{"start":{"line":62,"column":2},"end":{"line":62,"column":19}},"loc":{"start":{"line":62,"column":71},"end":{"line":93,"column":null}}},"5":{"name":"(anonymous_8)","decl":{"start":{"line":98,"column":2},"end":{"line":98,"column":19}},"loc":{"start":{"line":98,"column":19},"end":{"line":100,"column":null}}},"6":{"name":"(anonymous_9)","decl":{"start":{"line":105,"column":2},"end":{"line":105,"column":20}},"loc":{"start":{"line":105,"column":20},"end":{"line":107,"column":null}}},"7":{"name":"(anonymous_10)","decl":{"start":{"line":112,"column":2},"end":{"line":112,"column":22}},"loc":{"start":{"line":112,"column":22},"end":{"line":114,"column":null}}},"8":{"name":"(anonymous_11)","decl":{"start":{"line":119,"column":2},"end":{"line":119,"column":20}},"loc":{"start":{"line":119,"column":20},"end":{"line":121,"column":null}}}},"branchMap":{"0":{"loc":{"start":{"line":21,"column":14},"end":{"line":21,"column":48}},"type":"default-arg","locations":[{"start":{"line":21,"column":32},"end":{"line":21,"column":48}}]}},"s":{"0":0,"1":0,"2":0,"3":0,"4":0,"5":0,"6":0,"7":0,"8":0,"9":0,"10":0,"11":0,"12":0,"13":0,"14":0,"15":0,"16":0,"17":0,"18":0,"19":0,"20":0,"21":0,"22":0,"23":0,"24":0,"25":0},"f":{"0":0,"1":0,"2":0,"3":0,"4":0,"5":0,"6":0,"7":0,"8":0},"b":{"0":[0]}},"C:\\Users\\HP\\Music\\Copiolet\\study_sentinel\\src\\utils\\performance-monitor.ts":{"path":"C:\\Users\\HP\\Music\\Copiolet\\study_sentinel\\src\\utils\\performance-monitor.ts","statementMap":{"0":{"start":{"line":14,"column":16},"end":{"line":14,"column":40}},"1":{"start":{"line":246,"column":0},"end":{"line":246,"column":15}},"2":{"start":{"line":218,"column":16},"end":{"line":218,"column":37}},"3":{"start":{"line":229,"column":16},"end":{"line":229,"column":41}},"4":{"start":{"line":2,"column":18},"end":{"line":2,"column":null}},"5":{"start":{"line":15,"column":2},"end":{"line":23,"column":null}},"6":{"start":{"line":22,"column":4},"end":{"line":22,"column":null}},"7":{"start":{"line":24,"column":16},"end":{"line":24,"column":42}},"8":{"start":{"line":25,"column":17},"end":{"line":25,"column":30}},"9":{"start":{"line":27,"column":16},"end":{"line":29,"column":null}},"10":{"start":{"line":32,"column":16},"end":{"line":32,"column":null}},"11":{"start":{"line":33,"column":4},"end":{"line":33,"column":null}},"12":{"start":{"line":34,"column":4},"end":{"line":34,"column":null}},"13":{"start":{"line":34,"column":36},"end":{"line":34,"column":null}},"14":{"start":{"line":38,"column":2},"end":{"line":45,"column":null}},"15":{"start":{"line":39,"column":4},"end":{"line":43,"column":null}},"16":{"start":{"line":40,"column":19},"end":{"line":40,"column":null}},"17":{"start":{"line":40,"column":54},"end":{"line":40,"column":null}},"18":{"start":{"line":41,"column":6},"end":{"line":41,"column":null}},"19":{"start":{"line":42,"column":6},"end":{"line":42,"column":null}},"20":{"start":{"line":42,"column":38},"end":{"line":42,"column":null}},"21":{"start":{"line":44,"column":4},"end":{"line":44,"column":null}},"22":{"start":{"line":44,"column":10},"end":{"line":44,"column":52}},"23":{"start":{"line":48,"column":4},"end":{"line":48,"column":null}},"24":{"start":{"line":48,"column":45},"end":{"line":48,"column":null}},"25":{"start":{"line":49,"column":17},"end":{"line":49,"column":42}},"26":{"start":{"line":50,"column":17},"end":{"line":50,"column":42}},"27":{"start":{"line":51,"column":18},"end":{"line":51,"column":null}},"28":{"start":{"line":52,"column":4},"end":{"line":52,"column":null}},"29":{"start":{"line":52,"column":34},"end":{"line":52,"column":null}},"30":{"start":{"line":53,"column":4},"end":{"line":53,"column":null}},"31":{"start":{"line":56,"column":23},"end":{"line":56,"column":60}},"32":{"start":{"line":56,"column":29},"end":{"line":56,"column":49}},"33":{"start":{"line":58,"column":2},"end":{"line":58,"column":null}},"34":{"start":{"line":74,"column":4},"end":{"line":76,"column":null}},"35":{"start":{"line":75,"column":6},"end":{"line":75,"column":null}},"36":{"start":{"line":77,"column":4},"end":{"line":77,"column":null}},"37":{"start":{"line":82,"column":22},"end":{"line":82,"column":null}},"38":{"start":{"line":83,"column":19},"end":{"line":83,"column":null}},"39":{"start":{"line":84,"column":20},"end":{"line":84,"column":null}},"40":{"start":{"line":86,"column":23},"end":{"line":86,"column":null}},"41":{"start":{"line":87,"column":24},"end":{"line":87,"column":null}},"42":{"start":{"line":89,"column":4},"end":{"line":94,"column":null}},"43":{"start":{"line":97,"column":4},"end":{"line":99,"column":null}},"44":{"start":{"line":98,"column":6},"end":{"line":98,"column":null}},"45":{"start":{"line":101,"column":4},"end":{"line":101,"column":null}},"46":{"start":{"line":116,"column":4},"end":{"line":116,"column":null}},"47":{"start":{"line":119,"column":4},"end":{"line":121,"column":null}},"48":{"start":{"line":120,"column":6},"end":{"line":120,"column":null}},"49":{"start":{"line":131,"column":4},"end":{"line":138,"column":null}},"50":{"start":{"line":132,"column":6},"end":{"line":137,"column":null}},"51":{"start":{"line":140,"column":28},"end":{"line":140,"column":null}},"52":{"start":{"line":140,"column":60},"end":{"line":140,"column":78}},"53":{"start":{"line":141,"column":30},"end":{"line":141,"column":67}},"54":{"start":{"line":143,"column":26},"end":{"line":144,"column":null}},"55":{"start":{"line":144,"column":6},"end":{"line":144,"column":null}},"56":{"start":{"line":147,"column":24},"end":{"line":147,"column":null}},"57":{"start":{"line":149,"column":4},"end":{"line":154,"column":null}},"58":{"start":{"line":159,"column":4},"end":{"line":159,"column":null}},"59":{"start":{"line":159,"column":34},"end":{"line":159,"column":null}},"60":{"start":{"line":161,"column":19},"end":{"line":161,"column":null}},"61":{"start":{"line":162,"column":18},"end":{"line":162,"column":null}},"62":{"start":{"line":164,"column":4},"end":{"line":164,"column":null}},"63":{"start":{"line":164,"column":28},"end":{"line":164,"column":null}},"64":{"start":{"line":166,"column":22},"end":{"line":166,"column":87}},"65":{"start":{"line":166,"column":48},"end":{"line":166,"column":67}},"66":{"start":{"line":167,"column":21},"end":{"line":167,"column":84}},"67":{"start":{"line":167,"column":46},"end":{"line":167,"column":65}},"68":{"start":{"line":169,"column":17},"end":{"line":169,"column":null}},"69":{"start":{"line":171,"column":4},"end":{"line":171,"column":39}},"70":{"start":{"line":171,"column":18},"end":{"line":171,"column":39}},"71":{"start":{"line":172,"column":4},"end":{"line":172,"column":40}},"72":{"start":{"line":172,"column":19},"end":{"line":172,"column":40}},"73":{"start":{"line":173,"column":4},"end":{"line":173,"column":null}},"74":{"start":{"line":203,"column":4},"end":{"line":203,"column":null}},"75":{"start":{"line":203,"column":39},"end":{"line":203,"column":null}},"76":{"start":{"line":204,"column":4},"end":{"line":204,"column":null}},"77":{"start":{"line":205,"column":4},"end":{"line":205,"column":null}},"78":{"start":{"line":211,"column":4},"end":{"line":213,"column":null}},"79":{"start":{"line":212,"column":7},"end":{"line":212,"column":null}},"80":{"start":{"line":70,"column":10},"end":{"line":70,"column":null}},"81":{"start":{"line":71,"column":10},"end":{"line":71,"column":null}},"82":{"start":{"line":219,"column":18},"end":{"line":219,"column":null}},"83":{"start":{"line":221,"column":24},"end":{"line":223,"column":null}},"84":{"start":{"line":222,"column":4},"end":{"line":222,"column":null}},"85":{"start":{"line":225,"column":2},"end":{"line":225,"column":null}},"86":{"start":{"line":233,"column":22},"end":{"line":233,"column":92}},"87":{"start":{"line":235,"column":29},"end":{"line":239,"column":null}},"88":{"start":{"line":236,"column":30},"end":{"line":236,"column":null}},"89":{"start":{"line":238,"column":4},"end":{"line":238,"column":null}},"90":{"start":{"line":238,"column":31},"end":{"line":238,"column":null}},"91":{"start":{"line":241,"column":2},"end":{"line":241,"column":null}},"92":{"start":{"line":243,"column":2},"end":{"line":243,"column":null}},"93":{"start":{"line":246,"column":15},"end":{"line":246,"column":34}}},"fnMap":{"0":{"name":"createPerformanceMonitor","decl":{"start":{"line":14,"column":16},"end":{"line":14,"column":40}},"loc":{"start":{"line":14,"column":56},"end":{"line":59,"column":null}}},"1":{"name":"sampleNow","decl":{"start":{"line":31,"column":11},"end":{"line":31,"column":null}},"loc":{"start":{"line":31,"column":11},"end":{"line":35,"column":null}}},"2":{"name":"(anonymous_8)","decl":{"start":{"line":39,"column":47},"end":{"line":39,"column":48}},"loc":{"start":{"line":39,"column":48},"end":{"line":43,"column":null}}},"3":{"name":"(anonymous_9)","decl":{"start":{"line":40,"column":42},"end":{"line":40,"column":43}},"loc":{"start":{"line":40,"column":54},"end":{"line":40,"column":null}}},"4":{"name":"getTrend","decl":{"start":{"line":47,"column":11},"end":{"line":47,"column":null}},"loc":{"start":{"line":47,"column":11},"end":{"line":54,"column":null}}},"5":{"name":"dispose","decl":{"start":{"line":56,"column":11},"end":{"line":56,"column":23}},"loc":{"start":{"line":56,"column":11},"end":{"line":56,"column":null}}},"6":{"name":"(anonymous_12)","decl":{"start":{"line":73,"column":2},"end":{"line":73,"column":9}},"loc":{"start":{"line":73,"column":43},"end":{"line":78,"column":null}}},"7":{"name":"(anonymous_13)","decl":{"start":{"line":81,"column":2},"end":{"line":81,"column":19}},"loc":{"start":{"line":81,"column":64},"end":{"line":102,"column":null}}},"8":{"name":"(anonymous_14)","decl":{"start":{"line":105,"column":10},"end":{"line":105,"column":35}},"loc":{"start":{"line":105,"column":35},"end":{"line":112,"column":null}}},"9":{"name":"(anonymous_15)","decl":{"start":{"line":115,"column":10},"end":{"line":115,"column":23}},"loc":{"start":{"line":115,"column":57},"end":{"line":122,"column":null}}},"10":{"name":"(anonymous_16)","decl":{"start":{"line":125,"column":2},"end":{"line":125,"column":null}},"loc":{"start":{"line":130,"column":4},"end":{"line":155,"column":null}}},"11":{"name":"(anonymous_17)","decl":{"start":{"line":140,"column":48},"end":{"line":140,"column":49}},"loc":{"start":{"line":140,"column":60},"end":{"line":140,"column":78}}},"12":{"name":"(anonymous_18)","decl":{"start":{"line":143,"column":46},"end":{"line":143,"column":47}},"loc":{"start":{"line":144,"column":6},"end":{"line":144,"column":null}}},"13":{"name":"(anonymous_19)","decl":{"start":{"line":158,"column":10},"end":{"line":158,"column":73}},"loc":{"start":{"line":158,"column":73},"end":{"line":174,"column":null}}},"14":{"name":"(anonymous_20)","decl":{"start":{"line":166,"column":36},"end":{"line":166,"column":37}},"loc":{"start":{"line":166,"column":48},"end":{"line":166,"column":67}}},"15":{"name":"(anonymous_21)","decl":{"start":{"line":167,"column":34},"end":{"line":167,"column":35}},"loc":{"start":{"line":167,"column":46},"end":{"line":167,"column":65}}},"16":{"name":"(anonymous_22)","decl":{"start":{"line":177,"column":2},"end":{"line":177,"column":30}},"loc":{"start":{"line":177,"column":30},"end":{"line":199,"column":null}}},"17":{"name":"(anonymous_23)","decl":{"start":{"line":202,"column":2},"end":{"line":202,"column":18}},"loc":{"start":{"line":202,"column":18},"end":{"line":206,"column":null}}},"18":{"name":"(anonymous_24)","decl":{"start":{"line":203,"column":27},"end":{"line":203,"column":39}},"loc":{"start":{"line":203,"column":39},"end":{"line":203,"column":null}}},"19":{"name":"(anonymous_25)","decl":{"start":{"line":209,"column":2},"end":{"line":209,"column":9}},"loc":{"start":{"line":209,"column":38},"end":{"line":214,"column":null}}},"20":{"name":"usePerformanceMonitor","decl":{"start":{"line":218,"column":16},"end":{"line":218,"column":37}},"loc":{"start":{"line":218,"column":59},"end":{"line":226,"column":null}}},"21":{"name":"(anonymous_28)","decl":{"start":{"line":221,"column":24},"end":{"line":221,"column":28}},"loc":{"start":{"line":221,"column":28},"end":{"line":223,"column":null}}},"22":{"name":"withPerformanceMonitoring","decl":{"start":{"line":229,"column":16},"end":{"line":229,"column":41}},"loc":{"start":{"line":231,"column":24},"end":{"line":244,"column":null}}},"23":{"name":"(anonymous_30)","decl":{"start":{"line":235,"column":40},"end":{"line":235,"column":41}},"loc":{"start":{"line":235,"column":41},"end":{"line":239,"column":null}}},"24":{"name":"(anonymous_31)","decl":{"start":{"line":238,"column":25},"end":{"line":238,"column":31}},"loc":{"start":{"line":238,"column":31},"end":{"line":238,"column":null}}}},"branchMap":{"0":{"loc":{"start":{"line":15,"column":2},"end":{"line":23,"column":null}},"type":"if","locations":[{"start":{"line":15,"column":2},"end":{"line":23,"column":null}},{"start":{},"end":{}}]},"1":{"loc":{"start":{"line":32,"column":16},"end":{"line":32,"column":null}},"type":"cond-expr","locations":[{"start":{"line":32,"column":25},"end":{"line":32,"column":55}},{"start":{"line":32,"column":55},"end":{"line":32,"column":null}}]},"2":{"loc":{"start":{"line":34,"column":4},"end":{"line":34,"column":null}},"type":"if","locations":[{"start":{"line":34,"column":4},"end":{"line":34,"column":null}},{"start":{},"end":{}}]},"3":{"loc":{"start":{"line":38,"column":2},"end":{"line":45,"column":null}},"type":"if","locations":[{"start":{"line":38,"column":2},"end":{"line":45,"column":null}},{"start":{},"end":{}}]},"4":{"loc":{"start":{"line":42,"column":6},"end":{"line":42,"column":null}},"type":"if","locations":[{"start":{"line":42,"column":6},"end":{"line":42,"column":null}},{"start":{},"end":{}}]},"5":{"loc":{"start":{"line":48,"column":4},"end":{"line":48,"column":null}},"type":"if","locations":[{"start":{"line":48,"column":4},"end":{"line":48,"column":null}},{"start":{},"end":{}}]},"6":{"loc":{"start":{"line":48,"column":8},"end":{"line":48,"column":45}},"type":"binary-expr","locations":[{"start":{"line":48,"column":8},"end":{"line":48,"column":19}},{"start":{"line":48,"column":19},"end":{"line":48,"column":45}}]},"7":{"loc":{"start":{"line":52,"column":4},"end":{"line":52,"column":null}},"type":"if","locations":[{"start":{"line":52,"column":4},"end":{"line":52,"column":null}},{"start":{},"end":{}}]},"8":{"loc":{"start":{"line":53,"column":11},"end":{"line":53,"column":null}},"type":"cond-expr","locations":[{"start":{"line":53,"column":23},"end":{"line":53,"column":38}},{"start":{"line":53,"column":38},"end":{"line":53,"column":null}}]},"9":{"loc":{"start":{"line":74,"column":4},"end":{"line":76,"column":null}},"type":"if","locations":[{"start":{"line":74,"column":4},"end":{"line":76,"column":null}},{"start":{},"end":{}}]},"10":{"loc":{"start":{"line":97,"column":4},"end":{"line":99,"column":null}},"type":"if","locations":[{"start":{"line":97,"column":4},"end":{"line":99,"column":null}},{"start":{},"end":{}}]},"11":{"loc":{"start":{"line":97,"column":8},"end":{"line":97,"column":67}},"type":"binary-expr","locations":[{"start":{"line":97,"column":8},"end":{"line":97,"column":50}},{"start":{"line":97,"column":50},"end":{"line":97,"column":67}}]},"12":{"loc":{"start":{"line":119,"column":4},"end":{"line":121,"column":null}},"type":"if","locations":[{"start":{"line":119,"column":4},"end":{"line":121,"column":null}},{"start":{},"end":{}}]},"13":{"loc":{"start":{"line":131,"column":4},"end":{"line":138,"column":null}},"type":"if","locations":[{"start":{"line":131,"column":4},"end":{"line":138,"column":null}},{"start":{},"end":{}}]},"14":{"loc":{"start":{"line":144,"column":6},"end":{"line":144,"column":null}},"type":"cond-expr","locations":[{"start":{"line":144,"column":48},"end":{"line":144,"column":58}},{"start":{"line":144,"column":58},"end":{"line":144,"column":null}}]},"15":{"loc":{"start":{"line":159,"column":4},"end":{"line":159,"column":null}},"type":"if","locations":[{"start":{"line":159,"column":4},"end":{"line":159,"column":null}},{"start":{},"end":{}}]},"16":{"loc":{"start":{"line":164,"column":4},"end":{"line":164,"column":null}},"type":"if","locations":[{"start":{"line":164,"column":4},"end":{"line":164,"column":null}},{"start":{},"end":{}}]},"17":{"loc":{"start":{"line":171,"column":4},"end":{"line":171,"column":39}},"type":"if","locations":[{"start":{"line":171,"column":4},"end":{"line":171,"column":39}},{"start":{},"end":{}}]},"18":{"loc":{"start":{"line":172,"column":4},"end":{"line":172,"column":40}},"type":"if","locations":[{"start":{"line":172,"column":4},"end":{"line":172,"column":40}},{"start":{},"end":{}}]},"19":{"loc":{"start":{"line":211,"column":4},"end":{"line":213,"column":null}},"type":"if","locations":[{"start":{"line":211,"column":4},"end":{"line":213,"column":null}},{"start":{},"end":{}}]},"20":{"loc":{"start":{"line":211,"column":8},"end":{"line":211,"column":66}},"type":"binary-expr","locations":[{"start":{"line":211,"column":8},"end":{"line":211,"column":50}},{"start":{"line":211,"column":50},"end":{"line":211,"column":66}}]},"21":{"loc":{"start":{"line":233,"column":22},"end":{"line":233,"column":92}},"type":"binary-expr","locations":[{"start":{"line":233,"column":22},"end":{"line":233,"column":39}},{"start":{"line":233,"column":39},"end":{"line":233,"column":67}},{"start":{"line":233,"column":71},"end":{"line":233,"column":92}}]}},"s":{"0":0,"1":0,"2":0,"3":0,"4":0,"5":0,"6":0,"7":0,"8":0,"9":0,"10":0,"11":0,"12":0,"13":0,"14":0,"15":0,"16":0,"17":0,"18":0,"19":0,"20":0,"21":0,"22":0,"23":0,"24":0,"25":0,"26":0,"27":0,"28":0,"29":0,"30":0,"31":0,"32":0,"33":0,"34":0,"35":0,"36":0,"37":0,"38":0,"39":0,"40":0,"41":0,"42":0,"43":0,"44":0,"45":0,"46":0,"47":0,"48":0,"49":0,"50":0,"51":0,"52":0,"53":0,"54":0,"55":0,"56":0,"57":0,"58":0,"59":0,"60":0,"61":0,"62":0,"63":0,"64":0,"65":0,"66":0,"67":0,"68":0,"69":0,"70":0,"71":0,"72":0,"73":0,"74":0,"75":0,"76":0,"77":0,"78":0,"79":0,"80":0,"81":0,"82":0,"83":0,"84":0,"85":0,"86":0,"87":0,"88":0,"89":0,"90":0,"91":0,"92":0,"93":0},"f":{"0":0,"1":0,"2":0,"3":0,"4":0,"5":0,"6":0,"7":0,"8":0,"9":0,"10":0,"11":0,"12":0,"13":0,"14":0,"15":0,"16":0,"17":0,"18":0,"19":0,"20":0,"21":0,"22":0,"23":0,"24":0},"b":{"0":[0,0],"1":[0,0],"2":[0,0],"3":[0,0],"4":[0,0],"5":[0,0],"6":[0,0],"7":[0,0],"8":[0,0],"9":[0,0],"10":[0,0],"11":[0,0],"12":[0,0],"13":[0,0],"14":[0,0],"15":[0,0],"16":[0,0],"17":[0,0],"18":[0,0],"19":[0,0],"20":[0,0],"21":[0,0,0]}}}}
